
Showing logs for build [32msimonjamesrowe-react-ui-master-mcxjb-12-557s8[0m stage [32mfrom-build-pack[0m and container [32mstep-credential-initializer-496v2[0m
{"level":"info","ts":1594199553.11559,"logger":"fallback-logger","caller":"logging/config.go:69","msg":"Fetch GitHub commit ID from kodata failed: open /var/run/ko/refs/heads/0.8.0-ns-support: no such file or directory"}
{"level":"info","ts":1594199553.1165516,"logger":"fallback-logger","caller":"creds-init/main.go:40","msg":"Credentials initialized."}

Showing logs for build [32msimonjamesrowe-react-ui-master-mcxjb-12-557s8[0m stage [32mfrom-build-pack[0m and container [32mstep-working-dir-initializer-8tjk6[0m
{"level":"info","ts":1594199554.1561372,"logger":"fallback-logger","caller":"logging/config.go:69","msg":"Fetch GitHub commit ID from kodata failed: open /var/run/ko/HEAD: no such file or directory"}
{"level":"info","ts":1594199554.1580338,"logger":"fallback-logger","caller":"bash/main.go:64","msg":"Successfully executed command \"sh -c mkdir -p /workspace/source\"; output "}

Showing logs for build [32msimonjamesrowe-react-ui-master-mcxjb-12-557s8[0m stage [32mfrom-build-pack[0m and container [32mstep-place-tools[0m

Showing logs for build [32msimonjamesrowe-react-ui-master-mcxjb-12-557s8[0m stage [32mfrom-build-pack[0m and container [32mstep-git-source-simonjamesrowe-react-ui-master-mcxjb-cqq79[0m
{"level":"info","ts":1594199559.195403,"logger":"fallback-logger","caller":"logging/config.go:69","msg":"Fetch GitHub commit ID from kodata failed: open /var/run/ko/refs/heads/0.8.0-ns-support: no such file or directory"}
{"level":"info","ts":1594199565.2669878,"logger":"fallback-logger","caller":"git/git.go:103","msg":"Successfully cloned https://github.com/simonjamesrowe/react-ui.git @ v0.0.21 in path /workspace/source"}

Showing logs for build [32msimonjamesrowe-react-ui-master-mcxjb-12-557s8[0m stage [32mfrom-build-pack[0m and container [32mstep-git-merge[0m
Using SHAs from PULL_REFS=master:efda080f2881c0bd28feaa8990634ec1fc715397
WARNING: no SHAs to merge, falling back to initial cloned commit

Showing logs for build [32msimonjamesrowe-react-ui-master-mcxjb-12-557s8[0m stage [32mfrom-build-pack[0m and container [32mstep-setup-jx-git-credentials[0m
Generated Git credentials file /workspace/xdg_config/git/credentials

Showing logs for build [32msimonjamesrowe-react-ui-master-mcxjb-12-557s8[0m stage [32mfrom-build-pack[0m and container [32mstep-build-container-build[0m
[36mINFO[0m[0002] Using dockerignore file: /workspace/source/.dockerignore 
[36mINFO[0m[0002] Retrieving image manifest node:13            
[36mINFO[0m[0004] Retrieving image manifest node:13            
[36mINFO[0m[0005] Built cross stage deps: map[]                
[36mINFO[0m[0005] Retrieving image manifest node:13            
[36mINFO[0m[0006] Retrieving image manifest node:13            
[36mINFO[0m[0008] Executing 0 build triggers                   
[36mINFO[0m[0008] Checking for cached layer harbor.simonjamesrowe.com/todo/cache:fd354662e3ec9ffeef994275e27494fff79091108c87a3d8ab5eddbd555421b1... 
[36mINFO[0m[0009] No cached layer found for cmd COPY . .       
[36mINFO[0m[0009] Unpacking ****fs as cmd COPY . . requires it. 
[36mINFO[0m[0039] WORKDIR /app                                 
[36mINFO[0m[0039] cmd: workdir                                 
[36mINFO[0m[0039] Changed working directory to /app            
[36mINFO[0m[0039] Creating directory /app                      
[36mINFO[0m[0039] Resolving 1 paths                            
[36mINFO[0m[0039] Taking snapshot of files...                  
[36mINFO[0m[0039] COPY . .                                     
[36mINFO[0m[0039] Resolving 186 paths                          
[36mINFO[0m[0039] Taking snapshot of files...                  
[36mINFO[0m[0039] ENV NODE_ENV=production                      
[36mINFO[0m[0039] No files changed in this command, skipping snapshotting. 
[36mINFO[0m[0039] RUN yarn install                             
[36mINFO[0m[0039] Taking snapshot of full filesystem...        
[36mINFO[0m[0039] Pushing layer harbor.simonjamesrowe.com/todo/cache:fd354662e3ec9ffeef994275e27494fff79091108c87a3d8ab5eddbd555421b1 to cache now 
[36mINFO[0m[0045] Resolving 40894 paths                        
[36mINFO[0m[0052] cmd: /bin/sh                                 
[36mINFO[0m[0052] args: [-c yarn install]                      
[36mINFO[0m[0052] Running: [/bin/sh -c yarn install]           
yarn install v1.22.4
[1/4] Resolving packages...
[2/4] Fetching packages...
info fsevents@2.1.2: The platform "linux" is incompatible with this module.
info "fsevents@2.1.2" is an optional dependency and failed compatibility check. Excluding it from installation.
info fsevents@1.2.13: The platform "linux" is incompatible with this module.
info "fsevents@1.2.13" is an optional dependency and failed compatibility check. Excluding it from installation.
info fsevents@2.1.3: The platform "linux" is incompatible with this module.
info "fsevents@2.1.3" is an optional dependency and failed compatibility check. Excluding it from installation.
[3/4] Linking dependencies...
warning " > bootstrap@4.5.0" has unmet peer dependency "jquery@1.9.1 - 3".
warning " > bootstrap@4.5.0" has unmet peer dependency "popper.js@^1.16.0".
[4/4] Building fresh packages...
Done in 113.93s.
[36mINFO[0m[0166] Taking snapshot of full filesystem...        
[36mINFO[0m[0168] Resolving 177662 paths                       
[36mINFO[0m[0253] Pushing layer harbor.simonjamesrowe.com/todo/cache:ee03cc56b11a3296a3c72fd81c9d93401ee15cde569de207624bd6f47cdd7d68 to cache now 
[36mINFO[0m[0253] RUN yarn run build                           
[36mINFO[0m[0253] cmd: /bin/sh                                 
[36mINFO[0m[0253] args: [-c yarn run build]                    
[36mINFO[0m[0253] Running: [/bin/sh -c yarn run build]         
yarn run v1.22.4
$ react-scripts build
Creating an optimized production build...
Compiled with warnings.

./src/components/pages/Blog/BlogDetail.tsx
  Line 16:6:  React Hook React.useEffect has a missing dependency: 'props.match.params.id'. Either include it or remove the dependency array  react-hooks/exhaustive-deps

./src/components/pages/Home/Resume.tsx
  Line 29:39:  Using target="_blank" without rel="noopener noreferrer" is a security risk: see https://mathiasbynens.github.io/rel-noopener  react/jsx-no-target-blank

./src/components/pages/Blog/index.tsx
  Line 70:23:  The href attribute requires a valid value to be accessible. Provide a valid, navigable address as the href value. If you cannot provide a valid href, but still need the element to resemble a link, use a button and change it with appropriate styles. Learn more: https://github.com/evcohen/eslint-plugin-jsx-a11y/blob/master/docs/rules/anchor-is-valid.md  jsx-a11y/anchor-is-valid

./src/App.tsx
  Line 84:21:   The href attribute requires a valid value to be accessible. Provide a valid, navigable address as the href value. If you cannot provide a valid href, but still need the element to resemble a link, use a button and change it with appropriate styles. Learn more: https://github.com/evcohen/eslint-plugin-jsx-a11y/blob/master/docs/rules/anchor-is-valid.md  jsx-a11y/anchor-is-valid
  Line 89:21:   The href attribute requires a valid value to be accessible. Provide a valid, navigable address as the href value. If you cannot provide a valid href, but still need the element to resemble a link, use a button and change it with appropriate styles. Learn more: https://github.com/evcohen/eslint-plugin-jsx-a11y/blob/master/docs/rules/anchor-is-valid.md  jsx-a11y/anchor-is-valid
  Line 94:21:   The href attribute requires a valid value to be accessible. Provide a valid, navigable address as the href value. If you cannot provide a valid href, but still need the element to resemble a link, use a button and change it with appropriate styles. Learn more: https://github.com/evcohen/eslint-plugin-jsx-a11y/blob/master/docs/rules/anchor-is-valid.md  jsx-a11y/anchor-is-valid
  Line 99:21:   The href attribute requires a valid value to be accessible. Provide a valid, navigable address as the href value. If you cannot provide a valid href, but still need the element to resemble a link, use a button and change it with appropriate styles. Learn more: https://github.com/evcohen/eslint-plugin-jsx-a11y/blob/master/docs/rules/anchor-is-valid.md  jsx-a11y/anchor-is-valid
  Line 104:21:  The href attribute requires a valid value to be accessible. Provide a valid, navigable address as the href value. If you cannot provide a valid href, but still need the element to resemble a link, use a button and change it with appropriate styles. Learn more: https://github.com/evcohen/eslint-plugin-jsx-a11y/blob/master/docs/rules/anchor-is-valid.md  jsx-a11y/anchor-is-valid

Search for the keywords to learn more about each warning.
To ignore, add // eslint-disable-next-line to the line before.

File sizes after gzip:

  154.85 KB  build/static/js/2.7ec1e064.chunk.js
  22.47 KB   build/static/css/2.af3c1da9.chunk.css
  10.27 KB   build/static/css/main.8302b58f.chunk.css
  4.47 KB    build/static/js/main.7b3e299d.chunk.js
  772 B      build/static/js/runtime-main.89ce72de.js

The project was built assuming it is hosted at /.
You can control this with the homepage field in your package.json.

The build folder is ready to be deployed.
You may serve it with a static server:

  yarn global add serve
  serve -s build

Find out more about deployment here:

  bit.ly/CRA-deploy

Done in 51.02s.
[36mINFO[0m[0305] Taking snapshot of full filesystem...        
[36mINFO[0m[0305] Resolving 178315 paths                       
[36mINFO[0m[0391] ENV PORT=8080                                
[36mINFO[0m[0391] No files changed in this command, skipping snapshotting. 
[36mINFO[0m[0391] CMD ["node", "server.js"]                    
[36mINFO[0m[0391] No files changed in this command, skipping snapshotting. 
[36mINFO[0m[0391] Pushing layer harbor.simonjamesrowe.com/todo/cache:38a48f8ac99d85dd97252f14daa0485d82419b53ad949d28ca5222b15565ca82 to cache now 
[33mWARN[0m[0391] error uploading layer to cache: failed to push to destination harbor.simonjamesrowe.com/todo/cache:fd354662e3ec9ffeef994275e27494fff79091108c87a3d8ab5eddbd555421b1: HEAD https://harbor.simonjamesrowe.com/v2/todo/cache/blobs/sha256:dc5296bad19e06d9dc53bf619a10269de00abba99c959c9afecc2f50fd2e9b86: unsupported status code 401 

Showing logs for build [32msimonjamesrowe-react-ui-master-mcxjb-12-557s8[0m stage [32mfrom-build-pack[0m and container [32mstep-build-post-build[0m
no CVE provider running in the current ** namespace so skip adding image to be analysed

Showing logs for build [32msimonjamesrowe-react-ui-master-mcxjb-12-557s8[0m stage [32mfrom-build-pack[0m and container [32mstep-promote-changelog[0m
Converted /workspace/source/charts/react-ui to an unshallow repository
Generating change log from git ref 86962fcf8b43aa5e773d5836f5614cc08bcc0cb5 => 4216a8c241448aabcf669b4aac8a3da9776ecfd8
WARNING: Failed to enrich commit efda080f2881c0bd28feaa8990634ec1fc715397 with issues: users.jenkins.io "x-0" already exists
WARNING: Failed to enrich commit efda080f2881c0bd28feaa8990634ec1fc715397 with issues: users.jenkins.io "x-0" already exists
Finding issues in commit messages using git format
WARNING: No release found for simonjamesrowe/react-ui and tag v0.0.21 so creating a new release
Updated the release information at https://github.com/simonjamesrowe/react-ui/releases/tag/v0.0.21
generated: /workspace/source/charts/react-ui/templates/release.yaml
Created Release react-ui-0-0-21 resource in namespace **
Updating PipelineActivity simonjamesrowe-react-ui-master-12 with version 0.0.21
Updated PipelineActivities simonjamesrowe-react-ui-master-12 with release notes URL: https://github.com/simonjamesrowe/react-ui/releases/tag/v0.0.21

Showing logs for build [32msimonjamesrowe-react-ui-master-mcxjb-12-557s8[0m stage [32mfrom-build-pack[0m and container [32mstep-promote-helm-release[0m
WARNING: No $CHART_REPOSITORY defined so using the default value of: http://jenkins-x-chartmuseum:8080
Adding missing Helm repo: storage.googleapis.com https://storage.googleapis.com/chartmuseum.jenkins-x.io
Successfully added Helm repository storage.googleapis.com.
Adding missing Helm repo: jenkins-x-chartmuseum http://jenkins-x-chartmuseum:8080
Successfully added Helm repository jenkins-x-chartmuseum.
WARNING: No $CHART_REPOSITORY defined so using the default value of: http://jenkins-x-chartmuseum:8080
Uploading chart file react-ui-0.0.21.tgz to http://jenkins-x-chartmuseum:8080/api/charts
Received 201 response: {"saved":true}

Showing logs for build [32msimonjamesrowe-react-ui-master-mcxjb-12-557s8[0m stage [32mfrom-build-pack[0m and container [32mstep-promote-jx-promote[0m
WARNING: prow based install so skip waiting for the merge of Pull Requests to go green as currently there is an issue with gettingstatuses from the PR, see https://github.com/jenkins-x/**/issues/2410
WARNING: No $CHART_REPOSITORY defined so using the default value of: http://jenkins-x-chartmuseum:8080
Promoting app react-ui version 0.0.21 to namespace **-staging
Created Pull Request: https://github.com/simonjamesrowe/environment-simonjamesrowe-staging/pull/39
Added label updatebot to Pull Request https://github.com/simonjamesrowe/environment-simonjamesrowe-staging/pull/39
got git provider status pending from PR https://github.com/simonjamesrowe/environment-simonjamesrowe-staging/pull/39
got git provider status pending from PR https://github.com/simonjamesrowe/environment-simonjamesrowe-staging/pull/39
got git provider status pending from PR https://github.com/simonjamesrowe/environment-simonjamesrowe-staging/pull/39
got git provider status pending from PR https://github.com/simonjamesrowe/environment-simonjamesrowe-staging/pull/39
got git provider status pending from PR https://github.com/simonjamesrowe/environment-simonjamesrowe-staging/pull/39
got git provider status pending from PR https://github.com/simonjamesrowe/environment-simonjamesrowe-staging/pull/39
Pull Request https://github.com/simonjamesrowe/environment-simonjamesrowe-staging/pull/39 is merged at sha c2a6cccaace4332c66d9a8f1c6109fe54fa818c7
Pull Request merged but we are not waiting for the update pipeline to complete!
WARNING: Could not find the service URL in namespace **-staging for names react-ui, **-react-ui, **-staging-react-ui
