
Showing logs for build [32msimonjamesrowe-react-ui-master-n9dlc-18[0m stage [32mfrom-build-pack[0m and container [32mstep-credential-initializer-m7trl[0m
{"level":"info","ts":1600674623.9631062,"logger":"fallback-logger","caller":"logging/config.go:69","msg":"Fetch GitHub commit ID from kodata failed: open /var/run/ko/refs/heads/0.8.0-ns-support: no such file or directory"}
{"level":"info","ts":1600674623.9639902,"logger":"fallback-logger","caller":"creds-init/main.go:40","msg":"Credentials initialized."}

Showing logs for build [32msimonjamesrowe-react-ui-master-n9dlc-18[0m stage [32mfrom-build-pack[0m and container [32mstep-working-dir-initializer-hszhc[0m
{"level":"info","ts":1600674624.5965204,"logger":"fallback-logger","caller":"logging/config.go:69","msg":"Fetch GitHub commit ID from kodata failed: open /var/run/ko/HEAD: no such file or directory"}
{"level":"info","ts":1600674624.600828,"logger":"fallback-logger","caller":"bash/main.go:64","msg":"Successfully executed command \"sh -c mkdir -p /workspace/source\"; output "}

Showing logs for build [32msimonjamesrowe-react-ui-master-n9dlc-18[0m stage [32mfrom-build-pack[0m and container [32mstep-place-tools[0m

Showing logs for build [32msimonjamesrowe-react-ui-master-n9dlc-18[0m stage [32mfrom-build-pack[0m and container [32mstep-git-source-simonjamesrowe-react-ui-master-n9dlc-4lsj4[0m
{"level":"info","ts":1600674629.6324704,"logger":"fallback-logger","caller":"logging/config.go:69","msg":"Fetch GitHub commit ID from kodata failed: open /var/run/ko/refs/heads/0.8.0-ns-support: no such file or directory"}
{"level":"info","ts":1600674631.5821514,"logger":"fallback-logger","caller":"git/git.go:103","msg":"Successfully cloned https://github.com/simonjamesrowe/react-ui.git @ v0.0.27 in path /workspace/source"}

Showing logs for build [32msimonjamesrowe-react-ui-master-n9dlc-18[0m stage [32mfrom-build-pack[0m and container [32mstep-git-merge[0m
Using SHAs from PULL_REFS=master:793421550f1a7f3186cdd89999360d7600df4ec0
WARNING: no SHAs to merge, falling back to initial cloned commit

Showing logs for build [32msimonjamesrowe-react-ui-master-n9dlc-18[0m stage [32mfrom-build-pack[0m and container [32mstep-setup-jx-git-credentials[0m
Generated Git credentials file /workspace/xdg_config/git/credentials

Showing logs for build [32msimonjamesrowe-react-ui-master-n9dlc-18[0m stage [32mfrom-build-pack[0m and container [32mstep-build-container-build[0m
[36mINFO[0m[0000] Using dockerignore file: /workspace/source/.dockerignore 
[36mINFO[0m[0000] Retrieving image manifest node:13            
[36mINFO[0m[0003] Retrieving image manifest node:13            
[36mINFO[0m[0004] Built cross stage deps: map[]                
[36mINFO[0m[0004] Retrieving image manifest node:13            
[36mINFO[0m[0005] Retrieving image manifest node:13            
[36mINFO[0m[0006] Executing 0 build triggers                   
[36mINFO[0m[0006] Checking for cached layer harbor.simonjamesrowe.com/todo/cache:9a29ac012759683ecd49c780920a2d05a360f5ed899bc6d797cefbe14201bed5... 
[36mINFO[0m[0007] No cached layer found for cmd COPY . .       
[36mINFO[0m[0007] Unpacking ****fs as cmd COPY . . requires it. 
[36mINFO[0m[0048] WORKDIR /app                                 
[36mINFO[0m[0048] cmd: workdir                                 
[36mINFO[0m[0048] Changed working directory to /app            
[36mINFO[0m[0048] Creating directory /app                      
[36mINFO[0m[0048] Resolving 1 paths                            
[36mINFO[0m[0048] Taking snapshot of files...                  
[36mINFO[0m[0048] COPY . .                                     
[36mINFO[0m[0048] Resolving 211 paths                          
[36mINFO[0m[0048] Taking snapshot of files...                  
[36mINFO[0m[0048] ENV NODE_ENV=production                      
[36mINFO[0m[0048] No files changed in this command, skipping snapshotting. 
[36mINFO[0m[0048] RUN yarn install                             
[36mINFO[0m[0048] Taking snapshot of full filesystem...        
[36mINFO[0m[0048] Pushing layer harbor.simonjamesrowe.com/todo/cache:9a29ac012759683ecd49c780920a2d05a360f5ed899bc6d797cefbe14201bed5 to cache now 
[36mINFO[0m[0051] Resolving 40919 paths                        
[36mINFO[0m[0058] cmd: /bin/sh                                 
[36mINFO[0m[0058] args: [-c yarn install]                      
[36mINFO[0m[0058] Running: [/bin/sh -c yarn install]           
yarn install v1.22.4
[1/4] Resolving packages...
[2/4] Fetching packages...
info fsevents@2.1.2: The platform "linux" is incompatible with this module.
info "fsevents@2.1.2" is an optional dependency and failed compatibility check. Excluding it from installation.
info fsevents@1.2.13: The platform "linux" is incompatible with this module.
info "fsevents@1.2.13" is an optional dependency and failed compatibility check. Excluding it from installation.
info fsevents@2.1.3: The platform "linux" is incompatible with this module.
info "fsevents@2.1.3" is an optional dependency and failed compatibility check. Excluding it from installation.
[3/4] Linking dependencies...
warning " > bootstrap@4.5.0" has unmet peer dependency "jquery@1.9.1 - 3".
warning " > bootstrap@4.5.0" has unmet peer dependency "popper.js@^1.16.0".
[4/4] Building fresh packages...
Done in 153.52s.
[36mINFO[0m[0212] Taking snapshot of full filesystem...        
[36mINFO[0m[0213] Resolving 177685 paths                       
[36mINFO[0m[0303] RUN yarn run build                           
[36mINFO[0m[0303] cmd: /bin/sh                                 
[36mINFO[0m[0303] args: [-c yarn run build]                    
[36mINFO[0m[0303] Running: [/bin/sh -c yarn run build]         
[36mINFO[0m[0303] Pushing layer harbor.simonjamesrowe.com/todo/cache:6a1684aa81c6232d7a4e4b2590ead2370cde675d39dee1474f24f711c9095009 to cache now 
yarn run v1.22.4
$ react-scripts build
Creating an optimized production build...
Compiled with warnings.

./src/state/socialMedia/Actions.ts
  Line 1:9:  'ISkillGroup' is defined but never used  @typescript-eslint/no-unused-vars

./src/components/pages/Blog/BlogDetail.tsx
  Line 21:8:  React Hook React.useEffect has a missing dependency: 'props'. Either include it or remove the dependency array  react-hooks/exhaustive-deps

./src/components/pages/Home/Profile.tsx
  Line 26:6:  React Hook React.useEffect has a missing dependency: 'skillsDraw'. Either include it or remove the dependency array. You can also do a functional update 'setSkillsDraw(s => ...)' if you only need 'skillsDraw' in the 'setSkillsDraw' call  react-hooks/exhaustive-deps

./src/components/pages/Blog/index.tsx
  Line 29:6:   React Hook React.useEffect has a missing dependency: 'props'. Either include it or remove the dependency array. However, 'props' will change when *any* prop changes, so the preferred fix is to destructure the 'props' object outside of the useEffect call and refer to those specific props inside React.useEffect                                            react-hooks/exhaustive-deps
  Line 80:23:  The href attribute requires a valid value to be accessible. Provide a valid, navigable address as the href value. If you cannot provide a valid href, but still need the element to resemble a link, use a button and change it with appropriate styles. Learn more: https://github.com/evcohen/eslint-plugin-jsx-a11y/blob/master/docs/rules/anchor-is-valid.md  jsx-a11y/anchor-is-valid

./src/components/pages/Home/Resume.tsx
  Line 29:71:  Using target="_blank" without rel="noopener noreferrer" is a security risk: see https://mathiasbynens.github.io/rel-noopener  react/jsx-no-target-blank

./src/state/profile/Reducer.ts
  Line 2:24:  'ITagsState' is defined but never used  @typescript-eslint/no-unused-vars

./src/components/pages/Home/index.tsx
  Line 30:8:  React Hook React.useEffect has a missing dependency: 'props'. Either include it or remove the dependency array. However, 'props' will change when *any* prop changes, so the preferred fix is to destructure the 'props' object outside of the useEffect call and refer to those specific props inside React.useEffect  react-hooks/exhaustive-deps

./src/services/SocialMediaService.tsx
  Line 3:9:   'IJob' is defined but never used            @typescript-eslint/no-unused-vars
  Line 6:9:   'IJobState' is defined but never used       @typescript-eslint/no-unused-vars
  Line 7:9:   'JobActions' is defined but never used      @typescript-eslint/no-unused-vars
  Line 7:21:  'JobActionTypes' is defined but never used  @typescript-eslint/no-unused-vars

./src/services/SkillsService.tsx
  Line 3:9:   'IJob' is defined but never used            @typescript-eslint/no-unused-vars
  Line 6:9:   'IJobState' is defined but never used       @typescript-eslint/no-unused-vars
  Line 7:9:   'JobActions' is defined but never used      @typescript-eslint/no-unused-vars
  Line 7:21:  'JobActionTypes' is defined but never used  @typescript-eslint/no-unused-vars
  Line 9:9:   'ISkill' is defined but never used          @typescript-eslint/no-unused-vars

./src/App.tsx
  Line 60:6:    React Hook React.useEffect has a missing dependency: 'props'. Either include it or remove the dependency array. However, 'props' will change when *any* prop changes, so the preferred fix is to destructure the 'props' object outside of the useEffect call and refer to those specific props inside React.useEffect                                            react-hooks/exhaustive-deps
  Line 96:21:   The href attribute requires a valid value to be accessible. Provide a valid, navigable address as the href value. If you cannot provide a valid href, but still need the element to resemble a link, use a button and change it with appropriate styles. Learn more: https://github.com/evcohen/eslint-plugin-jsx-a11y/blob/master/docs/rules/anchor-is-valid.md  jsx-a11y/anchor-is-valid
  Line 101:21:  The href attribute requires a valid value to be accessible. Provide a valid, navigable address as the href value. If you cannot provide a valid href, but still need the element to resemble a link, use a button and change it with appropriate styles. Learn more: https://github.com/evcohen/eslint-plugin-jsx-a11y/blob/master/docs/rules/anchor-is-valid.md  jsx-a11y/anchor-is-valid
  Line 106:21:  The href attribute requires a valid value to be accessible. Provide a valid, navigable address as the href value. If you cannot provide a valid href, but still need the element to resemble a link, use a button and change it with appropriate styles. Learn more: https://github.com/evcohen/eslint-plugin-jsx-a11y/blob/master/docs/rules/anchor-is-valid.md  jsx-a11y/anchor-is-valid
  Line 111:21:  The href attribute requires a valid value to be accessible. Provide a valid, navigable address as the href value. If you cannot provide a valid href, but still need the element to resemble a link, use a button and change it with appropriate styles. Learn more: https://github.com/evcohen/eslint-plugin-jsx-a11y/blob/master/docs/rules/anchor-is-valid.md  jsx-a11y/anchor-is-valid
  Line 116:21:  The href attribute requires a valid value to be accessible. Provide a valid, navigable address as the href value. If you cannot provide a valid href, but still need the element to resemble a link, use a button and change it with appropriate styles. Learn more: https://github.com/evcohen/eslint-plugin-jsx-a11y/blob/master/docs/rules/anchor-is-valid.md  jsx-a11y/anchor-is-valid

Search for the keywords to learn more about each warning.
To ignore, add // eslint-disable-next-line to the line before.

File sizes after gzip:

  146.11 KB  build/static/js/2.7ddcd1f6.chunk.js
  22.47 KB   build/static/css/2.af3c1da9.chunk.css
  10.29 KB   build/static/css/main.a62c8f94.chunk.css
  5.02 KB    build/static/js/main.4643be22.chunk.js
  772 B      build/static/js/runtime-main.89ce72de.js

The project was built assuming it is hosted at /.
You can control this with the homepage field in your package.json.

The build folder is ready to be deployed.
You may serve it with a static server:

  yarn global add serve
  serve -s build

Find out more about deployment here:

  bit.ly/CRA-deploy

Done in 52.49s.
[36mINFO[0m[0356] Taking snapshot of full filesystem...        
[36mINFO[0m[0357] Resolving 178401 paths                       
[36mINFO[0m[0422] Pushing layer harbor.simonjamesrowe.com/todo/cache:f7d69757e0e5dcd5d8f590b3284271dd49990b3f93d73ea101ba481a9ca6378f to cache now 
[36mINFO[0m[0422] ENV PORT=8080                                
[36mINFO[0m[0422] No files changed in this command, skipping snapshotting. 
[36mINFO[0m[0422] CMD ["node", "server.js"]                    
[36mINFO[0m[0422] No files changed in this command, skipping snapshotting. 
[33mWARN[0m[0423] error uploading layer to cache: failed to push to destination harbor.simonjamesrowe.com/todo/cache:9a29ac012759683ecd49c780920a2d05a360f5ed899bc6d797cefbe14201bed5: HEAD https://harbor.simonjamesrowe.com/v2/todo/cache/blobs/sha256:b030493cb34b14748932b700d95089d5ca5d2d55de4d149f2094a6bef1868fff: unsupported status code 401 

Showing logs for build [32msimonjamesrowe-react-ui-master-n9dlc-18[0m stage [32mfrom-build-pack[0m and container [32mstep-build-post-build[0m
no CVE provider running in the current ** namespace so skip adding image to be analysed

Showing logs for build [32msimonjamesrowe-react-ui-master-n9dlc-18[0m stage [32mfrom-build-pack[0m and container [32mstep-promote-changelog[0m
Converted /workspace/source/charts/react-ui to an unshallow repository
Generating change log from git ref 0c6f25be51667c418e01e777a200f2047518ca66 => 446ca2cfa17ddf50366f39689f93858ddbac830d
WARNING: Failed to enrich commit 793421550f1a7f3186cdd89999360d7600df4ec0 with issues: users.jenkins.io "x-0" already exists
WARNING: Failed to enrich commit 793421550f1a7f3186cdd89999360d7600df4ec0 with issues: users.jenkins.io "x-0" already exists
Finding issues in commit messages using git format
WARNING: No release found for simonjamesrowe/react-ui and tag v0.0.27 so creating a new release
Updated the release information at https://github.com/simonjamesrowe/react-ui/releases/tag/v0.0.27
generated: /workspace/source/charts/react-ui/templates/release.yaml
Created Release react-ui-0-0-27 resource in namespace **
Updating PipelineActivity simonjamesrowe-react-ui-master-18 with version 0.0.27
Updated PipelineActivities simonjamesrowe-react-ui-master-18 with release notes URL: https://github.com/simonjamesrowe/react-ui/releases/tag/v0.0.27

Showing logs for build [32msimonjamesrowe-react-ui-master-n9dlc-18[0m stage [32mfrom-build-pack[0m and container [32mstep-promote-helm-release[0m
WARNING: No $CHART_REPOSITORY defined so using the default value of: http://jenkins-x-chartmuseum:8080
Adding missing Helm repo: storage.googleapis.com https://storage.googleapis.com/chartmuseum.jenkins-x.io
Successfully added Helm repository storage.googleapis.com.
Adding missing Helm repo: jenkins-x-chartmuseum http://jenkins-x-chartmuseum:8080
Successfully added Helm repository jenkins-x-chartmuseum.
WARNING: No $CHART_REPOSITORY defined so using the default value of: http://jenkins-x-chartmuseum:8080
Uploading chart file react-ui-0.0.27.tgz to http://jenkins-x-chartmuseum:8080/api/charts
Received 201 response: {"saved":true}

Showing logs for build [32msimonjamesrowe-react-ui-master-n9dlc-18[0m stage [32mfrom-build-pack[0m and container [32mstep-promote-jx-promote[0m
WARNING: prow based install so skip waiting for the merge of Pull Requests to go green as currently there is an issue with gettingstatuses from the PR, see https://github.com/jenkins-x/**/issues/2410
WARNING: No $CHART_REPOSITORY defined so using the default value of: http://jenkins-x-chartmuseum:8080
Promoting app react-ui version 0.0.27 to namespace **-staging
Created Pull Request: https://github.com/simonjamesrowe/environment-simonjamesrowe-staging/pull/46
Added label updatebot to Pull Request https://github.com/simonjamesrowe/environment-simonjamesrowe-staging/pull/46
WARNING: Failed to query the Pull Request last commit status for https://github.com/simonjamesrowe/environment-simonjamesrowe-staging/pull/46 ref 46c2723e44cbf397ddf702fbf87546e1d8230f3b Could not find a status for repository simonjamesrowe/environment-simonjamesrowe-staging with ref 46c2723e44cbf397ddf702fbf87546e1d8230f3b
Pull Request https://github.com/simonjamesrowe/environment-simonjamesrowe-staging/pull/46 is merged at sha 76503df97c6e955582517ed4a35767845926c643
Pull Request merged but we are not waiting for the update pipeline to complete!
WARNING: Could not find the service URL in namespace **-staging for names react-ui, **-react-ui, **-staging-react-ui
