
Showing logs for build [32msimonjamesrowe-react-ui-master-p6rkn-21[0m stage [32mfrom-build-pack[0m and container [32mstep-credential-initializer-tcpgz[0m
{"level":"info","ts":1601706389.1982722,"logger":"fallback-logger","caller":"logging/config.go:69","msg":"Fetch GitHub commit ID from kodata failed: open /var/run/ko/refs/heads/0.8.0-ns-support: no such file or directory"}
{"level":"info","ts":1601706389.2021494,"logger":"fallback-logger","caller":"creds-init/main.go:40","msg":"Credentials initialized."}

Showing logs for build [32msimonjamesrowe-react-ui-master-p6rkn-21[0m stage [32mfrom-build-pack[0m and container [32mstep-working-dir-initializer-l6wrs[0m
{"level":"info","ts":1601706389.6940002,"logger":"fallback-logger","caller":"logging/config.go:69","msg":"Fetch GitHub commit ID from kodata failed: open /var/run/ko/HEAD: no such file or directory"}
{"level":"info","ts":1601706389.6971428,"logger":"fallback-logger","caller":"bash/main.go:64","msg":"Successfully executed command \"sh -c mkdir -p /workspace/source\"; output "}

Showing logs for build [32msimonjamesrowe-react-ui-master-p6rkn-21[0m stage [32mfrom-build-pack[0m and container [32mstep-place-tools[0m

Showing logs for build [32msimonjamesrowe-react-ui-master-p6rkn-21[0m stage [32mfrom-build-pack[0m and container [32mstep-git-source-simonjamesrowe-react-ui-master-p6rkn-rtx9f[0m
{"level":"info","ts":1601706394.690517,"logger":"fallback-logger","caller":"logging/config.go:69","msg":"Fetch GitHub commit ID from kodata failed: open /var/run/ko/refs/heads/0.8.0-ns-support: no such file or directory"}
{"level":"info","ts":1601706396.8776224,"logger":"fallback-logger","caller":"git/git.go:103","msg":"Successfully cloned https://github.com/simonjamesrowe/react-ui.git @ v0.0.30 in path /workspace/source"}

Showing logs for build [32msimonjamesrowe-react-ui-master-p6rkn-21[0m stage [32mfrom-build-pack[0m and container [32mstep-git-merge[0m
Using SHAs from PULL_REFS=master:3fc8696698aca2d5a3614cd4616dfef7371ee4f9
WARNING: no SHAs to merge, falling back to initial cloned commit

Showing logs for build [32msimonjamesrowe-react-ui-master-p6rkn-21[0m stage [32mfrom-build-pack[0m and container [32mstep-setup-jx-git-credentials[0m
Generated Git credentials file /workspace/xdg_config/git/credentials

Showing logs for build [32msimonjamesrowe-react-ui-master-p6rkn-21[0m stage [32mfrom-build-pack[0m and container [32mstep-build-container-build[0m
[36mINFO[0m[0000] Using dockerignore file: /workspace/source/.dockerignore 
[36mINFO[0m[0000] Retrieving image manifest node:13            
[36mINFO[0m[0002] Retrieving image manifest node:13            
[36mINFO[0m[0003] Built cross stage deps: map[]                
[36mINFO[0m[0003] Retrieving image manifest node:13            
[36mINFO[0m[0004] Retrieving image manifest node:13            
[36mINFO[0m[0005] Executing 0 build triggers                   
[36mINFO[0m[0005] Checking for cached layer harbor.simonjamesrowe.com/todo/cache:02d2a0c8c890ccba665b106ce2c1da5998db663630b8ef32b1e4d320eff00053... 
[36mINFO[0m[0006] No cached layer found for cmd COPY . .       
[36mINFO[0m[0006] Unpacking ****fs as cmd COPY . . requires it. 
[36mINFO[0m[0043] WORKDIR /app                                 
[36mINFO[0m[0043] cmd: workdir                                 
[36mINFO[0m[0043] Changed working directory to /app            
[36mINFO[0m[0043] Creating directory /app                      
[36mINFO[0m[0043] Resolving 1 paths                            
[36mINFO[0m[0043] Taking snapshot of files...                  
[36mINFO[0m[0043] COPY . .                                     
[36mINFO[0m[0043] Resolving 211 paths                          
[36mINFO[0m[0043] Taking snapshot of files...                  
[36mINFO[0m[0044] ENV NODE_ENV=production                      
[36mINFO[0m[0044] No files changed in this command, skipping snapshotting. 
[36mINFO[0m[0044] RUN yarn install                             
[36mINFO[0m[0044] Taking snapshot of full filesystem...        
[36mINFO[0m[0044] Pushing layer harbor.simonjamesrowe.com/todo/cache:02d2a0c8c890ccba665b106ce2c1da5998db663630b8ef32b1e4d320eff00053 to cache now 
[36mINFO[0m[0045] Resolving 40919 paths                        
[36mINFO[0m[0051] cmd: /bin/sh                                 
[36mINFO[0m[0051] args: [-c yarn install]                      
[36mINFO[0m[0051] Running: [/bin/sh -c yarn install]           
yarn install v1.22.4
[1/4] Resolving packages...
[2/4] Fetching packages...
info fsevents@2.1.2: The platform "linux" is incompatible with this module.
info "fsevents@2.1.2" is an optional dependency and failed compatibility check. Excluding it from installation.
info fsevents@1.2.13: The platform "linux" is incompatible with this module.
info "fsevents@1.2.13" is an optional dependency and failed compatibility check. Excluding it from installation.
info fsevents@2.1.3: The platform "linux" is incompatible with this module.
info "fsevents@2.1.3" is an optional dependency and failed compatibility check. Excluding it from installation.
[3/4] Linking dependencies...
warning " > bootstrap@4.5.0" has unmet peer dependency "jquery@1.9.1 - 3".
warning " > bootstrap@4.5.0" has unmet peer dependency "popper.js@^1.16.0".
warning " > react-ga@3.1.2" has unmet peer dependency "prop-types@^15.6.0".
[4/4] Building fresh packages...
Done in 180.21s.
[36mINFO[0m[0232] Taking snapshot of full filesystem...        
[36mINFO[0m[0235] Resolving 200005 paths                       
[36mINFO[0m[0350] Pushing layer harbor.simonjamesrowe.com/todo/cache:692de6fe80b8b1c79e0ef128e31adc0a428a28e5d044c82de9312d497a06d8f3 to cache now 
[36mINFO[0m[0350] RUN yarn run build                           
[36mINFO[0m[0350] cmd: /bin/sh                                 
[36mINFO[0m[0350] args: [-c yarn run build]                    
[36mINFO[0m[0350] Running: [/bin/sh -c yarn run build]         
yarn run v1.22.4
$ react-scripts build
Creating an optimized production build...
Compiled with warnings.

./src/state/socialMedia/Actions.ts
  Line 1:9:  'ISkillGroup' is defined but never used  @typescript-eslint/no-unused-vars

./src/components/pages/Blog/BlogDetail.tsx
  Line 21:8:  React Hook React.useEffect has a missing dependency: 'props'. Either include it or remove the dependency array  react-hooks/exhaustive-deps

./src/components/pages/Home/Profile.tsx
  Line 27:6:  React Hook React.useEffect has a missing dependency: 'skillsDraw'. Either include it or remove the dependency array. You can also do a functional update 'setSkillsDraw(s => ...)' if you only need 'skillsDraw' in the 'setSkillsDraw' call  react-hooks/exhaustive-deps

./src/components/pages/Blog/index.tsx
  Line 29:6:   React Hook React.useEffect has a missing dependency: 'props'. Either include it or remove the dependency array. However, 'props' will change when *any* prop changes, so the preferred fix is to destructure the 'props' object outside of the useEffect call and refer to those specific props inside React.useEffect                                            react-hooks/exhaustive-deps
  Line 80:23:  The href attribute requires a valid value to be accessible. Provide a valid, navigable address as the href value. If you cannot provide a valid href, but still need the element to resemble a link, use a button and change it with appropriate styles. Learn more: https://github.com/evcohen/eslint-plugin-jsx-a11y/blob/master/docs/rules/anchor-is-valid.md  jsx-a11y/anchor-is-valid

./src/components/pages/Home/Resume.tsx
  Line 29:71:  Using target="_blank" without rel="noopener noreferrer" is a security risk: see https://mathiasbynens.github.io/rel-noopener  react/jsx-no-target-blank

./src/state/profile/Reducer.ts
  Line 2:24:  'ITagsState' is defined but never used  @typescript-eslint/no-unused-vars

./src/components/pages/Home/index.tsx
  Line 30:8:  React Hook React.useEffect has a missing dependency: 'props'. Either include it or remove the dependency array. However, 'props' will change when *any* prop changes, so the preferred fix is to destructure the 'props' object outside of the useEffect call and refer to those specific props inside React.useEffect  react-hooks/exhaustive-deps

./src/services/SocialMediaService.tsx
  Line 3:9:   'IJob' is defined but never used            @typescript-eslint/no-unused-vars
  Line 6:9:   'IJobState' is defined but never used       @typescript-eslint/no-unused-vars
  Line 7:9:   'JobActions' is defined but never used      @typescript-eslint/no-unused-vars
  Line 7:21:  'JobActionTypes' is defined but never used  @typescript-eslint/no-unused-vars

./src/services/SkillsService.tsx
  Line 3:9:   'IJob' is defined but never used            @typescript-eslint/no-unused-vars
  Line 6:9:   'IJobState' is defined but never used       @typescript-eslint/no-unused-vars
  Line 7:9:   'JobActions' is defined but never used      @typescript-eslint/no-unused-vars
  Line 7:21:  'JobActionTypes' is defined but never used  @typescript-eslint/no-unused-vars
  Line 9:9:   'ISkill' is defined but never used          @typescript-eslint/no-unused-vars

./src/App.tsx
  Line 65:8:    React Hook React.useEffect has a missing dependency: 'props'. Either include it or remove the dependency array. However, 'props' will change when *any* prop changes, so the preferred fix is to destructure the 'props' object outside of the useEffect call and refer to those specific props inside React.useEffect                                            react-hooks/exhaustive-deps
  Line 102:45:  The href attribute requires a valid value to be accessible. Provide a valid, navigable address as the href value. If you cannot provide a valid href, but still need the element to resemble a link, use a button and change it with appropriate styles. Learn more: https://github.com/evcohen/eslint-plugin-jsx-a11y/blob/master/docs/rules/anchor-is-valid.md  jsx-a11y/anchor-is-valid
  Line 107:45:  The href attribute requires a valid value to be accessible. Provide a valid, navigable address as the href value. If you cannot provide a valid href, but still need the element to resemble a link, use a button and change it with appropriate styles. Learn more: https://github.com/evcohen/eslint-plugin-jsx-a11y/blob/master/docs/rules/anchor-is-valid.md  jsx-a11y/anchor-is-valid
  Line 112:45:  The href attribute requires a valid value to be accessible. Provide a valid, navigable address as the href value. If you cannot provide a valid href, but still need the element to resemble a link, use a button and change it with appropriate styles. Learn more: https://github.com/evcohen/eslint-plugin-jsx-a11y/blob/master/docs/rules/anchor-is-valid.md  jsx-a11y/anchor-is-valid
  Line 117:45:  The href attribute requires a valid value to be accessible. Provide a valid, navigable address as the href value. If you cannot provide a valid href, but still need the element to resemble a link, use a button and change it with appropriate styles. Learn more: https://github.com/evcohen/eslint-plugin-jsx-a11y/blob/master/docs/rules/anchor-is-valid.md  jsx-a11y/anchor-is-valid
  Line 122:45:  The href attribute requires a valid value to be accessible. Provide a valid, navigable address as the href value. If you cannot provide a valid href, but still need the element to resemble a link, use a button and change it with appropriate styles. Learn more: https://github.com/evcohen/eslint-plugin-jsx-a11y/blob/master/docs/rules/anchor-is-valid.md  jsx-a11y/anchor-is-valid

Search for the keywords to learn more about each warning.
To ignore, add // eslint-disable-next-line to the line before.

File sizes after gzip:

  150.76 KB  build/static/js/2.f45afeb9.chunk.js
  22.47 KB   build/static/css/2.af3c1da9.chunk.css
  10.34 KB   build/static/css/main.bdd66f74.chunk.css
  5.2 KB     build/static/js/main.05001a28.chunk.js
  772 B      build/static/js/runtime-main.89ce72de.js

The project was built assuming it is hosted at /.
You can control this with the homepage field in your package.json.

The build folder is ready to be deployed.
You may serve it with a static server:

  yarn global add serve
  serve -s build

Find out more about deployment here:

  bit.ly/CRA-deploy

Done in 59.07s.
[36mINFO[0m[0409] Taking snapshot of full filesystem...        
[36mINFO[0m[0410] Resolving 200735 paths                       
[36mINFO[0m[0500] ENV PORT=8080                                
[36mINFO[0m[0500] No files changed in this command, skipping snapshotting. 
[36mINFO[0m[0500] CMD ["node", "server.js"]                    
[36mINFO[0m[0500] No files changed in this command, skipping snapshotting. 
[36mINFO[0m[0500] Pushing layer harbor.simonjamesrowe.com/todo/cache:fc3d84cd050d0bcc5f1d24946f99e2bf39189861c96a79e6547b2e33f7e3898a to cache now 
[33mWARN[0m[0501] error uploading layer to cache: failed to push to destination harbor.simonjamesrowe.com/todo/cache:02d2a0c8c890ccba665b106ce2c1da5998db663630b8ef32b1e4d320eff00053: HEAD https://harbor.simonjamesrowe.com/v2/todo/cache/blobs/sha256:51ebe11f9541ecd4cf29139f875465bdfed5ab4457b99a04ce5f52075c39585a: unsupported status code 401 

Showing logs for build [32msimonjamesrowe-react-ui-master-p6rkn-21[0m stage [32mfrom-build-pack[0m and container [32mstep-build-post-build[0m
no CVE provider running in the current ** namespace so skip adding image to be analysed

Showing logs for build [32msimonjamesrowe-react-ui-master-p6rkn-21[0m stage [32mfrom-build-pack[0m and container [32mstep-promote-changelog[0m
Converted /workspace/source/charts/react-ui to an unshallow repository
Generating change log from git ref fd19095d1ddbb8c7f94cd5c715d7dc3901bf750a => 87ccb55493a755102d036dad582c04217717da1c
WARNING: Failed to enrich commit 3fc8696698aca2d5a3614cd4616dfef7371ee4f9 with issues: users.jenkins.io "x-0" already exists
WARNING: Failed to enrich commit 3fc8696698aca2d5a3614cd4616dfef7371ee4f9 with issues: users.jenkins.io "x-0" already exists
Finding issues in commit messages using git format
WARNING: No release found for simonjamesrowe/react-ui and tag v0.0.30 so creating a new release
Updated the release information at https://github.com/simonjamesrowe/react-ui/releases/tag/v0.0.30
generated: /workspace/source/charts/react-ui/templates/release.yaml
Created Release react-ui-0-0-30 resource in namespace **
Updating PipelineActivity simonjamesrowe-react-ui-master-21 with version 0.0.30
Updated PipelineActivities simonjamesrowe-react-ui-master-21 with release notes URL: https://github.com/simonjamesrowe/react-ui/releases/tag/v0.0.30

Showing logs for build [32msimonjamesrowe-react-ui-master-p6rkn-21[0m stage [32mfrom-build-pack[0m and container [32mstep-promote-helm-release[0m
WARNING: No $CHART_REPOSITORY defined so using the default value of: http://jenkins-x-chartmuseum:8080
Adding missing Helm repo: storage.googleapis.com https://storage.googleapis.com/chartmuseum.jenkins-x.io
Successfully added Helm repository storage.googleapis.com.
Adding missing Helm repo: jenkins-x-chartmuseum http://jenkins-x-chartmuseum:8080
Successfully added Helm repository jenkins-x-chartmuseum.
WARNING: No $CHART_REPOSITORY defined so using the default value of: http://jenkins-x-chartmuseum:8080
Uploading chart file react-ui-0.0.30.tgz to http://jenkins-x-chartmuseum:8080/api/charts
Received 201 response: {"saved":true}

Showing logs for build [32msimonjamesrowe-react-ui-master-p6rkn-21[0m stage [32mfrom-build-pack[0m and container [32mstep-promote-jx-promote[0m
WARNING: prow based install so skip waiting for the merge of Pull Requests to go green as currently there is an issue with gettingstatuses from the PR, see https://github.com/jenkins-x/**/issues/2410
WARNING: No $CHART_REPOSITORY defined so using the default value of: http://jenkins-x-chartmuseum:8080
Promoting app react-ui version 0.0.30 to namespace **-staging
Created Pull Request: https://github.com/simonjamesrowe/environment-simonjamesrowe-staging/pull/49
Added label updatebot to Pull Request https://github.com/simonjamesrowe/environment-simonjamesrowe-staging/pull/49
WARNING: Failed to query the Pull Request last commit status for https://github.com/simonjamesrowe/environment-simonjamesrowe-staging/pull/49 ref e6aef3b99cfdf366a5da273511ac6da7a576e2df Could not find a status for repository simonjamesrowe/environment-simonjamesrowe-staging with ref e6aef3b99cfdf366a5da273511ac6da7a576e2df
got git provider status pending from PR https://github.com/simonjamesrowe/environment-simonjamesrowe-staging/pull/49
Pull Request https://github.com/simonjamesrowe/environment-simonjamesrowe-staging/pull/49 is merged at sha 2b6aaac3680bb7a613c0f1976226640cb94d4de2
Pull Request merged but we are not waiting for the update pipeline to complete!
WARNING: Could not find the service URL in namespace **-staging for names react-ui, **-react-ui, **-staging-react-ui
