
Showing logs for build [32msimonjamesrowe-react-ui-master-6mkwx-29[0m stage [32mfrom-build-pack[0m and container [32mstep-credential-initializer-gkq2j[0m
{"level":"info","ts":1606254362.6190884,"logger":"fallback-logger","caller":"logging/config.go:69","msg":"Fetch GitHub commit ID from kodata failed: open /var/run/ko/refs/heads/0.8.0-ns-support: no such file or directory"}
{"level":"info","ts":1606254362.6199358,"logger":"fallback-logger","caller":"creds-init/main.go:40","msg":"Credentials initialized."}

Showing logs for build [32msimonjamesrowe-react-ui-master-6mkwx-29[0m stage [32mfrom-build-pack[0m and container [32mstep-working-dir-initializer-zbtgd[0m
{"level":"info","ts":1606254364.0351121,"logger":"fallback-logger","caller":"logging/config.go:69","msg":"Fetch GitHub commit ID from kodata failed: open /var/run/ko/HEAD: no such file or directory"}
{"level":"info","ts":1606254364.0377042,"logger":"fallback-logger","caller":"bash/main.go:64","msg":"Successfully executed command \"sh -c mkdir -p /workspace/source\"; output "}

Showing logs for build [32msimonjamesrowe-react-ui-master-6mkwx-29[0m stage [32mfrom-build-pack[0m and container [32mstep-place-tools[0m

Showing logs for build [32msimonjamesrowe-react-ui-master-6mkwx-29[0m stage [32mfrom-build-pack[0m and container [32mstep-git-source-simonjamesrowe-react-ui-master-6mkwx-p29vl[0m
{"level":"info","ts":1606254368.8736374,"logger":"fallback-logger","caller":"logging/config.go:69","msg":"Fetch GitHub commit ID from kodata failed: open /var/run/ko/refs/heads/0.8.0-ns-support: no such file or directory"}
{"level":"info","ts":1606254370.901281,"logger":"fallback-logger","caller":"git/git.go:103","msg":"Successfully cloned https://github.com/simonjamesrowe/react-ui.git @ v0.0.38 in path /workspace/source"}

Showing logs for build [32msimonjamesrowe-react-ui-master-6mkwx-29[0m stage [32mfrom-build-pack[0m and container [32mstep-git-merge[0m
Using SHAs from PULL_REFS=master:30c7fc99d72dcdb0efc2928f73b2dc25c158bf2e
WARNING: no SHAs to merge, falling back to initial cloned commit

Showing logs for build [32msimonjamesrowe-react-ui-master-6mkwx-29[0m stage [32mfrom-build-pack[0m and container [32mstep-setup-jx-git-credentials[0m
Generated Git credentials file /workspace/xdg_config/git/credentials

Showing logs for build [32msimonjamesrowe-react-ui-master-6mkwx-29[0m stage [32mfrom-build-pack[0m and container [32mstep-build-container-build[0m
[36mINFO[0m[0000] Using dockerignore file: /workspace/source/.dockerignore 
[36mINFO[0m[0000] Retrieving image manifest node:14            
[36mINFO[0m[0002] Retrieving image manifest node:14            
[36mINFO[0m[0003] Built cross stage deps: map[]                
[36mINFO[0m[0003] Retrieving image manifest node:14            
[36mINFO[0m[0005] Retrieving image manifest node:14            
[36mINFO[0m[0006] Executing 0 build triggers                   
[36mINFO[0m[0006] Checking for cached layer harbor.simonjamesrowe.com/todo/cache:b3ce2c2da882d89886dae1030817838d978bfa45a476761bbaa1e0c9ef11bf86... 
[36mINFO[0m[0007] No cached layer found for cmd COPY . .       
[36mINFO[0m[0007] Unpacking ****fs as cmd COPY . . requires it. 
[36mINFO[0m[0062] WORKDIR /app                                 
[36mINFO[0m[0062] cmd: workdir                                 
[36mINFO[0m[0062] Changed working directory to /app            
[36mINFO[0m[0062] Creating directory /app                      
[36mINFO[0m[0062] Resolving 1 paths                            
[36mINFO[0m[0062] Taking snapshot of files...                  
[36mINFO[0m[0062] COPY . .                                     
[36mINFO[0m[0062] Resolving 145 paths                          
[36mINFO[0m[0062] Taking snapshot of files...                  
[36mINFO[0m[0062] ENV NODE_ENV=production                      
[36mINFO[0m[0062] No files changed in this command, skipping snapshotting. 
[36mINFO[0m[0062] RUN yarn install                             
[36mINFO[0m[0062] Taking snapshot of full filesystem...        
[36mINFO[0m[0062] Pushing layer harbor.simonjamesrowe.com/todo/cache:b3ce2c2da882d89886dae1030817838d978bfa45a476761bbaa1e0c9ef11bf86 to cache now 
[36mINFO[0m[0064] Resolving 40804 paths                        
[36mINFO[0m[0086] cmd: /bin/sh                                 
[36mINFO[0m[0086] args: [-c yarn install]                      
[36mINFO[0m[0086] Running: [/bin/sh -c yarn install]           
yarn install v1.22.5
[1/4] Resolving packages...
[2/4] Fetching packages...
info fsevents@2.1.2: The platform "linux" is incompatible with this module.
info "fsevents@2.1.2" is an optional dependency and failed compatibility check. Excluding it from installation.
info fsevents@1.2.13: The platform "linux" is incompatible with this module.
info "fsevents@1.2.13" is an optional dependency and failed compatibility check. Excluding it from installation.
info fsevents@2.1.3: The platform "linux" is incompatible with this module.
info "fsevents@2.1.3" is an optional dependency and failed compatibility check. Excluding it from installation.
[3/4] Linking dependencies...
warning " > bootstrap@4.5.0" has unmet peer dependency "popper.js@^1.16.0".
warning " > react-ga@3.1.2" has unmet peer dependency "prop-types@^15.6.0".
[4/4] Building fresh packages...
Done in 182.25s.
[36mINFO[0m[0269] Taking snapshot of full filesystem...        
[36mINFO[0m[0270] Resolving 200292 paths                       
[36mINFO[0m[0457] RUN yarn run build                           
[36mINFO[0m[0457] cmd: /bin/sh                                 
[36mINFO[0m[0457] args: [-c yarn run build]                    
[36mINFO[0m[0457] Running: [/bin/sh -c yarn run build]         
[36mINFO[0m[0457] Pushing layer harbor.simonjamesrowe.com/todo/cache:4f19b1124d759df5e8098584f060f7dd6da47fc230312351ba22fb7beff59bdf to cache now 
yarn run v1.22.5
$ react-scripts build
Creating an optimized production build...
Compiled with warnings.

./src/components/pages/Home/Contact.tsx
  Line 115:48:  The href attribute requires a valid value to be accessible. Provide a valid, navigable address as the href value. If you cannot provide a valid href, but still need the element to resemble a link, use a button and change it with appropriate styles. Learn more: https://github.com/evcohen/eslint-plugin-jsx-a11y/blob/master/docs/rules/anchor-is-valid.md  jsx-a11y/anchor-is-valid
  Line 115:56:  Script URL is a form of eval                                                                                                                                                                                                                                                                                                                                      no-script-url
  Line 125:48:  The href attribute requires a valid value to be accessible. Provide a valid, navigable address as the href value. If you cannot provide a valid href, but still need the element to resemble a link, use a button and change it with appropriate styles. Learn more: https://github.com/evcohen/eslint-plugin-jsx-a11y/blob/master/docs/rules/anchor-is-valid.md  jsx-a11y/anchor-is-valid
  Line 125:56:  Script URL is a form of eval                                                                                                                                                                                                                                                                                                                                      no-script-url
  Line 126:48:  The href attribute requires a valid value to be accessible. Provide a valid, navigable address as the href value. If you cannot provide a valid href, but still need the element to resemble a link, use a button and change it with appropriate styles. Learn more: https://github.com/evcohen/eslint-plugin-jsx-a11y/blob/master/docs/rules/anchor-is-valid.md  jsx-a11y/anchor-is-valid
  Line 126:56:  Script URL is a form of eval                                                                                                                                                                                                                                                                                                                                      no-script-url

./src/components/pages/Home/index.tsx
  Line 13:9:  'getAllSocialMedia' is defined but never used                                                                                                                                                                                                                                                                           @typescript-eslint/no-unused-vars
  Line 38:8:  React Hook React.useEffect has a missing dependency: 'props'. Either include it or remove the dependency array. However, 'props' will change when *any* prop changes, so the preferred fix is to destructure the 'props' object outside of the useEffect call and refer to those specific props inside React.useEffect  react-hooks/exhaustive-deps

./src/state/socialMedia/Actions.ts
  Line 1:9:  'ISkillGroup' is defined but never used  @typescript-eslint/no-unused-vars

./src/components/pages/Home/JobDetail.tsx
  Line 22:11:  'jobTitlePrefix' is assigned a value but never used       @typescript-eslint/no-unused-vars
  Line 26:11:  'jobTitleHighlighted' is assigned a value but never used  @typescript-eslint/no-unused-vars

./src/components/pages/Home/Resume.tsx
  Line 22:58:  Expected '===' and instead saw '=='  eqeqeq

./src/components/pages/Blog/index.tsx
  Line 26:6:   React Hook React.useEffect has a missing dependency: 'props'. Either include it or remove the dependency array. However, 'props' will change when *any* prop changes, so the preferred fix is to destructure the 'props' object outside of the useEffect call and refer to those specific props inside React.useEffect                                            react-hooks/exhaustive-deps
  Line 32:6:   React Hook React.useEffect has a missing dependency: 'props'. Either include it or remove the dependency array. However, 'props' will change when *any* prop changes, so the preferred fix is to destructure the 'props' object outside of the useEffect call and refer to those specific props inside React.useEffect                                            react-hooks/exhaustive-deps
  Line 51:25:  The href attribute requires a valid value to be accessible. Provide a valid, navigable address as the href value. If you cannot provide a valid href, but still need the element to resemble a link, use a button and change it with appropriate styles. Learn more: https://github.com/evcohen/eslint-plugin-jsx-a11y/blob/master/docs/rules/anchor-is-valid.md  jsx-a11y/anchor-is-valid
  Line 51:33:  Script URL is a form of eval                                                                                                                                                                                                                                                                                                                                      no-script-url
  Line 69:31:  The href attribute requires a valid value to be accessible. Provide a valid, navigable address as the href value. If you cannot provide a valid href, but still need the element to resemble a link, use a button and change it with appropriate styles. Learn more: https://github.com/evcohen/eslint-plugin-jsx-a11y/blob/master/docs/rules/anchor-is-valid.md  jsx-a11y/anchor-is-valid
  Line 69:39:  Script URL is a form of eval                                                                                                                                                                                                                                                                                                                                      no-script-url

./src/state/profile/Reducer.ts
  Line 2:24:  'ITagsState' is defined but never used  @typescript-eslint/no-unused-vars

./src/components/pages/Home/JobHeadline.tsx
  Line 2:8:    'Moment' is defined but never used                                                                                                                                                                                                                                                                                                                                       @typescript-eslint/no-unused-vars
  Line 27:17:  The href attribute is required for an anchor to be keyboard accessible. Provide a valid, navigable address as the href value. If you cannot provide an href, but still need the element to resemble a link, use a button and change it with appropriate styles. Learn more: https://github.com/evcohen/eslint-plugin-jsx-a11y/blob/master/docs/rules/anchor-is-valid.md  jsx-a11y/anchor-is-valid

./src/components/pages/Home/JobBlock.tsx
  Line 2:8:    'Moment' is defined but never used   @typescript-eslint/no-unused-vars
  Line 15:61:  Expected '===' and instead saw '=='  eqeqeq

./src/components/pages/Home/SkillsOutline.tsx
  Line 3:9:  'CmsThumbnail' is defined but never used  @typescript-eslint/no-unused-vars
  Line 7:9:  'properties' is defined but never used    @typescript-eslint/no-unused-vars

./src/App.tsx
  Line 5:34:  'Link' is defined but never used                                                                                                                                                                                                                                                                                        @typescript-eslint/no-unused-vars
  Line 58:8:  React Hook React.useEffect has a missing dependency: 'props'. Either include it or remove the dependency array. However, 'props' will change when *any* prop changes, so the preferred fix is to destructure the 'props' object outside of the useEffect call and refer to those specific props inside React.useEffect  react-hooks/exhaustive-deps

./src/components/pages/Home/SkillGroup.tsx
  Line 5:9:  'CmsThumbnail' is defined but never used  @typescript-eslint/no-unused-vars

./src/components/common/Sidebar.tsx
  Line 8:17:    'RealLink' is defined but never used                                                                       @typescript-eslint/no-unused-vars
  Line 183:11:  img elements must have an alt prop, either with meaningful text, or an empty string for decorative images  jsx-a11y/alt-text
  Line 186:11:  img elements must have an alt prop, either with meaningful text, or an empty string for decorative images  jsx-a11y/alt-text

Search for the keywords to learn more about each warning.
To ignore, add // eslint-disable-next-line to the line before.

File sizes after gzip:

  175.17 KB  build/static/js/2.fc3d5a9c.chunk.js
  28.02 KB   build/static/js/main.4cf669b0.chunk.js
  22.47 KB   build/static/css/2.af3c1da9.chunk.css
  9.77 KB    build/static/css/main.5ef574e8.chunk.css
  772 B      build/static/js/runtime-main.89ce72de.js

The project was built assuming it is hosted at /.
You can control this with the homepage field in your package.json.

The build folder is ready to be deployed.
You may serve it with a static server:

  yarn global add serve
  serve -s build

Find out more about deployment here:

  bit.ly/CRA-deploy

Done in 62.12s.
[36mINFO[0m[0520] Taking snapshot of full filesystem...        
[36mINFO[0m[0521] Resolving 200997 paths                       
[36mINFO[0m[0617] Pushing layer harbor.simonjamesrowe.com/todo/cache:c45d297cd7b0aacbaf2abb5f63c30dcd6392f44cc8035b7e83fa71b253a8861c to cache now 
[36mINFO[0m[0617] ENV PORT=8080                                
[36mINFO[0m[0617] No files changed in this command, skipping snapshotting. 
[36mINFO[0m[0617] CMD ["node", "server.js"]                    
[36mINFO[0m[0617] No files changed in this command, skipping snapshotting. 
[33mWARN[0m[0618] error uploading layer to cache: failed to push to destination harbor.simonjamesrowe.com/todo/cache:b3ce2c2da882d89886dae1030817838d978bfa45a476761bbaa1e0c9ef11bf86: HEAD https://harbor.simonjamesrowe.com/v2/todo/cache/blobs/sha256:93431552199f118264d52c81c09fb612217d2e73f859d3fcd41820ff81971151: unsupported status code 401 

Showing logs for build [32msimonjamesrowe-react-ui-master-6mkwx-29[0m stage [32mfrom-build-pack[0m and container [32mstep-build-post-build[0m
no CVE provider running in the current ** namespace so skip adding image to be analysed

Showing logs for build [32msimonjamesrowe-react-ui-master-6mkwx-29[0m stage [32mfrom-build-pack[0m and container [32mstep-promote-changelog[0m
Converted /workspace/source/charts/react-ui to an unshallow repository
Generating change log from git ref 6c410c4d7b2ff14c44a376f86856dbf4a7a5ece1 => d36675f6013b52e6328d7625b198931a80285d3e
WARNING: Failed to enrich commit 30c7fc99d72dcdb0efc2928f73b2dc25c158bf2e with issues: users.jenkins.io "x-0" already exists
WARNING: Failed to enrich commit 30c7fc99d72dcdb0efc2928f73b2dc25c158bf2e with issues: users.jenkins.io "x-0" already exists
Finding issues in commit messages using git format
WARNING: No release found for simonjamesrowe/react-ui and tag v0.0.38 so creating a new release
Updated the release information at https://github.com/simonjamesrowe/react-ui/releases/tag/v0.0.38
generated: /workspace/source/charts/react-ui/templates/release.yaml
Created Release react-ui-0-0-38 resource in namespace **
Updating PipelineActivity simonjamesrowe-react-ui-master-29 with version 0.0.38
Updated PipelineActivities simonjamesrowe-react-ui-master-29 with release notes URL: https://github.com/simonjamesrowe/react-ui/releases/tag/v0.0.38

Showing logs for build [32msimonjamesrowe-react-ui-master-6mkwx-29[0m stage [32mfrom-build-pack[0m and container [32mstep-promote-helm-release[0m
WARNING: No $CHART_REPOSITORY defined so using the default value of: http://jenkins-x-chartmuseum:8080
Adding missing Helm repo: storage.googleapis.com https://storage.googleapis.com/chartmuseum.jenkins-x.io
Successfully added Helm repository storage.googleapis.com.
Adding missing Helm repo: jenkins-x-chartmuseum http://jenkins-x-chartmuseum:8080
Successfully added Helm repository jenkins-x-chartmuseum.
WARNING: No $CHART_REPOSITORY defined so using the default value of: http://jenkins-x-chartmuseum:8080
Uploading chart file react-ui-0.0.38.tgz to http://jenkins-x-chartmuseum:8080/api/charts
Received 201 response: {"saved":true}

Showing logs for build [32msimonjamesrowe-react-ui-master-6mkwx-29[0m stage [32mfrom-build-pack[0m and container [32mstep-promote-jx-promote[0m
WARNING: prow based install so skip waiting for the merge of Pull Requests to go green as currently there is an issue with gettingstatuses from the PR, see https://github.com/jenkins-x/**/issues/2410
WARNING: No $CHART_REPOSITORY defined so using the default value of: http://jenkins-x-chartmuseum:8080
Promoting app react-ui version 0.0.38 to namespace **-staging
Created Pull Request: https://github.com/simonjamesrowe/environment-simonjamesrowe-staging/pull/57
Added label updatebot to Pull Request https://github.com/simonjamesrowe/environment-simonjamesrowe-staging/pull/57
got git provider status pending from PR https://github.com/simonjamesrowe/environment-simonjamesrowe-staging/pull/57
got git provider status pending from PR https://github.com/simonjamesrowe/environment-simonjamesrowe-staging/pull/57
got git provider status pending from PR https://github.com/simonjamesrowe/environment-simonjamesrowe-staging/pull/57
got git provider status pending from PR https://github.com/simonjamesrowe/environment-simonjamesrowe-staging/pull/57
Pull Request https://github.com/simonjamesrowe/environment-simonjamesrowe-staging/pull/57 is merged at sha 5fdebb8cc9776e4f7b731a60f1155441a8e8fd4e
Pull Request merged but we are not waiting for the update pipeline to complete!
WARNING: Could not find the service URL in namespace **-staging for names react-ui, **-react-ui, **-staging-react-ui
