
Showing logs for build [32msimonjamesrowe-react-ui-master-txjrc-3[0m stage [32mfrom-build-pack[0m and container [32mstep-credential-initializer-c84qh[0m
{"level":"info","ts":1592468044.3660655,"logger":"fallback-logger","caller":"logging/config.go:69","msg":"Fetch GitHub commit ID from kodata failed: open /var/run/ko/refs/heads/0.8.0-ns-support: no such file or directory"}
{"level":"info","ts":1592468044.3692753,"logger":"fallback-logger","caller":"creds-init/main.go:40","msg":"Credentials initialized."}

Showing logs for build [32msimonjamesrowe-react-ui-master-txjrc-3[0m stage [32mfrom-build-pack[0m and container [32mstep-working-dir-initializer-r592x[0m
{"level":"info","ts":1592468045.1464758,"logger":"fallback-logger","caller":"logging/config.go:69","msg":"Fetch GitHub commit ID from kodata failed: open /var/run/ko/HEAD: no such file or directory"}
{"level":"info","ts":1592468045.1552818,"logger":"fallback-logger","caller":"bash/main.go:64","msg":"Successfully executed command \"sh -c mkdir -p /workspace/source\"; output "}

Showing logs for build [32msimonjamesrowe-react-ui-master-txjrc-3[0m stage [32mfrom-build-pack[0m and container [32mstep-place-tools[0m

Showing logs for build [32msimonjamesrowe-react-ui-master-txjrc-3[0m stage [32mfrom-build-pack[0m and container [32mstep-git-source-simonjamesrowe-react-ui-master-txjrc-jwjlp[0m
{"level":"info","ts":1592468049.1204717,"logger":"fallback-logger","caller":"logging/config.go:69","msg":"Fetch GitHub commit ID from kodata failed: open /var/run/ko/refs/heads/0.8.0-ns-support: no such file or directory"}
{"level":"info","ts":1592468053.2394338,"logger":"fallback-logger","caller":"git/git.go:103","msg":"Successfully cloned https://github.com/simonjamesrowe/react-ui.git @ v0.0.3 in path /workspace/source"}

Showing logs for build [32msimonjamesrowe-react-ui-master-txjrc-3[0m stage [32mfrom-build-pack[0m and container [32mstep-git-merge[0m
Using SHAs from PULL_REFS=master:74ac6b99ae75777a5f5b22f80156a704162e72e2
WARNING: no SHAs to merge, falling back to initial cloned commit

Showing logs for build [32msimonjamesrowe-react-ui-master-txjrc-3[0m stage [32mfrom-build-pack[0m and container [32mstep-setup-jx-git-credentials[0m
Generated Git credentials file /workspace/xdg_config/git/credentials

Showing logs for build [32msimonjamesrowe-react-ui-master-txjrc-3[0m stage [32mfrom-build-pack[0m and container [32mstep-build-container-build[0m
[36mINFO[0m[0000] Resolved base name mhart/alpine-node to builder 
[36mINFO[0m[0000] Using dockerignore file: /workspace/source/.dockerignore 
[36mINFO[0m[0000] Retrieving image manifest mhart/alpine-node  
[36mINFO[0m[0002] Retrieving image manifest mhart/alpine-node  
[36mINFO[0m[0003] Retrieving image manifest mhart/alpine-node  
[36mINFO[0m[0004] Retrieving image manifest mhart/alpine-node  
[36mINFO[0m[0005] Built cross stage deps: map[0:[/app/build]]  
[36mINFO[0m[0005] Retrieving image manifest mhart/alpine-node  
[36mINFO[0m[0006] Retrieving image manifest mhart/alpine-node  
[36mINFO[0m[0007] Executing 0 build triggers                   
[36mINFO[0m[0007] Checking for cached layer harbor.simonjamesrowe.com/todo/cache:03f733f0fd745947c419f46def5e3564c04408f593358536b6c18200cd6a68b9... 
[36mINFO[0m[0008] No cached layer found for cmd COPY . .       
[36mINFO[0m[0008] Unpacking ****fs as cmd COPY . . requires it. 
[36mINFO[0m[0012] WORKDIR /app                                 
[36mINFO[0m[0012] cmd: workdir                                 
[36mINFO[0m[0012] Changed working directory to /app            
[36mINFO[0m[0012] Creating directory /app                      
[36mINFO[0m[0012] Resolving 1 paths                            
[36mINFO[0m[0012] Taking snapshot of files...                  
[36mINFO[0m[0012] COPY . .                                     
[36mINFO[0m[0012] Resolving 187 paths                          
[36mINFO[0m[0012] Taking snapshot of files...                  
[36mINFO[0m[0012] Pushing layer harbor.simonjamesrowe.com/todo/cache:03f733f0fd745947c419f46def5e3564c04408f593358536b6c18200cd6a68b9 to cache now 
[36mINFO[0m[0012] RUN yarn install                             
[36mINFO[0m[0012] Taking snapshot of full filesystem...        
[36mINFO[0m[0013] Resolving 5818 paths                         
[36mINFO[0m[0014] cmd: /bin/sh                                 
[36mINFO[0m[0014] args: [-c yarn install]                      
[36mINFO[0m[0014] Running: [/bin/sh -c yarn install]           
yarn install v1.22.4
warning package-lock.json found. Your project contains lock files generated by tools other than Yarn. It is advised not to mix package managers in order to avoid resolution inconsistencies caused by unsynchronized lock files. To clear this warning, remove package-lock.json.
[1/4] Resolving packages...
[2/4] Fetching packages...
info fsevents@2.1.2: The platform "linux" is incompatible with this module.
info "fsevents@2.1.2" is an optional dependency and failed compatibility check. Excluding it from installation.
info fsevents@1.2.11: The platform "linux" is incompatible with this module.
info "fsevents@1.2.11" is an optional dependency and failed compatibility check. Excluding it from installation.
info fsevents@2.1.3: The platform "linux" is incompatible with this module.
info "fsevents@2.1.3" is an optional dependency and failed compatibility check. Excluding it from installation.
[3/4] Linking dependencies...
warning " > bootstrap@4.5.0" has unmet peer dependency "jquery@1.9.1 - 3".
warning " > bootstrap@4.5.0" has unmet peer dependency "popper.js@^1.16.0".
[4/4] Building fresh packages...
Done in 161.03s.
[36mINFO[0m[0176] Taking snapshot of full filesystem...        
[36mINFO[0m[0179] Resolving 160716 paths                       
[36mINFO[0m[0249] Pushing layer harbor.simonjamesrowe.com/todo/cache:c4204161384cae7351e7de91e4da88d994a0cf837c6dafb6b401e37129ef859f to cache now 
[36mINFO[0m[0249] RUN yarn run build                           
[36mINFO[0m[0249] cmd: /bin/sh                                 
[36mINFO[0m[0249] args: [-c yarn run build]                    
[36mINFO[0m[0249] Running: [/bin/sh -c yarn run build]         
yarn run v1.22.4
$ react-scripts build
Creating an optimized production build...
Browserslist: caniuse-lite is outdated. Please run next command `yarn upgrade`
Compiled with warnings.

./src/components/pages/Blog/BlogDetail.tsx
  Line 14:6:  React Hook React.useEffect has a missing dependency: 'props.match.params.id'. Either include it or remove the dependency array  react-hooks/exhaustive-deps

./src/components/pages/Home/Resume.tsx
  Line 29:39:  Using target="_blank" without rel="noopener noreferrer" is a security risk: see https://mathiasbynens.github.io/rel-noopener  react/jsx-no-target-blank

./src/components/pages/Blog/index.tsx
  Line 70:23:  The href attribute requires a valid value to be accessible. Provide a valid, navigable address as the href value. If you cannot provide a valid href, but still need the element to resemble a link, use a button and change it with appropriate styles. Learn more: https://github.com/evcohen/eslint-plugin-jsx-a11y/blob/master/docs/rules/anchor-is-valid.md  jsx-a11y/anchor-is-valid

./src/App.tsx
  Line 91:21:   The href attribute requires a valid value to be accessible. Provide a valid, navigable address as the href value. If you cannot provide a valid href, but still need the element to resemble a link, use a button and change it with appropriate styles. Learn more: https://github.com/evcohen/eslint-plugin-jsx-a11y/blob/master/docs/rules/anchor-is-valid.md  jsx-a11y/anchor-is-valid
  Line 96:21:   The href attribute requires a valid value to be accessible. Provide a valid, navigable address as the href value. If you cannot provide a valid href, but still need the element to resemble a link, use a button and change it with appropriate styles. Learn more: https://github.com/evcohen/eslint-plugin-jsx-a11y/blob/master/docs/rules/anchor-is-valid.md  jsx-a11y/anchor-is-valid
  Line 101:21:  The href attribute requires a valid value to be accessible. Provide a valid, navigable address as the href value. If you cannot provide a valid href, but still need the element to resemble a link, use a button and change it with appropriate styles. Learn more: https://github.com/evcohen/eslint-plugin-jsx-a11y/blob/master/docs/rules/anchor-is-valid.md  jsx-a11y/anchor-is-valid
  Line 106:21:  The href attribute requires a valid value to be accessible. Provide a valid, navigable address as the href value. If you cannot provide a valid href, but still need the element to resemble a link, use a button and change it with appropriate styles. Learn more: https://github.com/evcohen/eslint-plugin-jsx-a11y/blob/master/docs/rules/anchor-is-valid.md  jsx-a11y/anchor-is-valid
  Line 111:21:  The href attribute requires a valid value to be accessible. Provide a valid, navigable address as the href value. If you cannot provide a valid href, but still need the element to resemble a link, use a button and change it with appropriate styles. Learn more: https://github.com/evcohen/eslint-plugin-jsx-a11y/blob/master/docs/rules/anchor-is-valid.md  jsx-a11y/anchor-is-valid

Search for the keywords to learn more about each warning.
To ignore, add // eslint-disable-next-line to the line before.

File sizes after gzip:

  154.93 KB  build/static/js/2.0fac8a8d.chunk.js
  22.62 KB   build/static/css/2.9ff99f11.chunk.css
  10.38 KB   build/static/css/main.3e0fbb0a.chunk.css
  4.47 KB    build/static/js/main.f6fd8d5c.chunk.js
  772 B      build/static/js/runtime-main.89ce72de.js

The project was built assuming it is hosted at /.
You can control this with the homepage field in your package.json.

The build folder is ready to be deployed.
You may serve it with a static server:

  yarn global add serve
  serve -s build

Find out more about deployment here:

  bit.ly/CRA-deploy

Done in 82.77s.
[36mINFO[0m[0335] Taking snapshot of full filesystem...        
[36mINFO[0m[0337] Resolving 161378 paths                       
[36mINFO[0m[0421] Pushing layer harbor.simonjamesrowe.com/todo/cache:e9dc4964316960051ea0c149e76d5bd9bc58c94f2a2cf4aa56bca591a92f2e1d to cache now 
[33mWARN[0m[0422] error uploading layer to cache: failed to push to destination harbor.simonjamesrowe.com/todo/cache:03f733f0fd745947c419f46def5e3564c04408f593358536b6c18200cd6a68b9: HEAD https://harbor.simonjamesrowe.com/v2/todo/cache/blobs/sha256:5ef32abc4ac6395be14d9da0f4490d9145c9e5740dba1ae502aab73c9094b58e: unsupported status code 401 
[36mINFO[0m[0422] Saving file app/build for later use          
[36mINFO[0m[0422] Deleting filesystem...                       
[36mINFO[0m[0430] Retrieving image manifest mhart/alpine-node  
[36mINFO[0m[0431] Retrieving image manifest mhart/alpine-node  
[36mINFO[0m[0432] Executing 0 build triggers                   
[36mINFO[0m[0432] Checking for cached layer harbor.simonjamesrowe.com/todo/cache:5b457cbcda8ef8370a5608d1c40f06bd303bff28c399aa74833c81e4d9274190... 
[36mINFO[0m[0433] No cached layer found for cmd RUN yarn global add serve 
[36mINFO[0m[0433] Unpacking ****fs as cmd RUN yarn global add serve requires it. 
[36mINFO[0m[0437] RUN yarn global add serve                    
[36mINFO[0m[0437] Taking snapshot of full filesystem...        
[36mINFO[0m[0438] Resolving 5631 paths                         
[36mINFO[0m[0439] cmd: /bin/sh                                 
[36mINFO[0m[0439] args: [-c yarn global add serve]             
[36mINFO[0m[0439] Running: [/bin/sh -c yarn global add serve]  
yarn global v1.22.4
[1/4] Resolving packages...
[2/4] Fetching packages...
[3/4] Linking dependencies...
[4/4] Building fresh packages...
success Installed "serve@11.3.2" with binaries:
      - serve
Done in 3.52s.
[36mINFO[0m[0443] Taking snapshot of full filesystem...        
[36mINFO[0m[0443] Resolving 7505 paths                         
[36mINFO[0m[0445] Pushing layer harbor.simonjamesrowe.com/todo/cache:5b457cbcda8ef8370a5608d1c40f06bd303bff28c399aa74833c81e4d9274190 to cache now 
[36mINFO[0m[0445] WORKDIR /app                                 
[36mINFO[0m[0445] cmd: workdir                                 
[36mINFO[0m[0445] Changed working directory to /app            
[36mINFO[0m[0445] Creating directory /app                      
[36mINFO[0m[0445] Resolving 1 paths                            
[36mINFO[0m[0445] Taking snapshot of files...                  
[36mINFO[0m[0445] COPY --from=builder /app/build .             
[36mINFO[0m[0445] Resolving 24 paths                           
[36mINFO[0m[0445] Taking snapshot of files...                  
[36mINFO[0m[0445] Pushing layer harbor.simonjamesrowe.com/todo/cache:a6b061404914ac3eded06bf922be2650f86b1d6f13581804da6e83c9790890a5 to cache now 
[36mINFO[0m[0445] CMD ["serve", "-p", "80", "-s", "."]         
[36mINFO[0m[0445] No files changed in this command, skipping snapshotting. 
[33mWARN[0m[0446] error uploading layer to cache: failed to push to destination harbor.simonjamesrowe.com/todo/cache:5b457cbcda8ef8370a5608d1c40f06bd303bff28c399aa74833c81e4d9274190: HEAD https://harbor.simonjamesrowe.com/v2/todo/cache/blobs/sha256:f5dac7c7f5423c74e191803d5773ebfbd312acf07735f651876b63a0c1ea485f: unsupported status code 401 

Showing logs for build [32msimonjamesrowe-react-ui-master-txjrc-3[0m stage [32mfrom-build-pack[0m and container [32mstep-build-post-build[0m
no CVE provider running in the current ** namespace so skip adding image to be analysed

Showing logs for build [32msimonjamesrowe-react-ui-master-txjrc-3[0m stage [32mfrom-build-pack[0m and container [32mstep-promote-changelog[0m
Converted /workspace/source/charts/react-ui to an unshallow repository
Generating change log from git ref 7672eb9fd0bbd4acc3d618489c08ca3693188bed => e7d93ebd355410d5d98b912e5b8b959aaf912409
WARNING: Failed to enrich commit 74ac6b99ae75777a5f5b22f80156a704162e72e2 with issues: selected more than one user from users.jenkins.io: [simonrowe x-0]
WARNING: Failed to enrich commit 74ac6b99ae75777a5f5b22f80156a704162e72e2 with issues: selected more than one user from users.jenkins.io: [simonrowe x-0]
Finding issues in commit messages using git format
WARNING: No release found for simonjamesrowe/react-ui and tag v0.0.3 so creating a new release
Updated the release information at https://github.com/simonjamesrowe/react-ui/releases/tag/v0.0.3
generated: /workspace/source/charts/react-ui/templates/release.yaml
Created Release react-ui-0-0-3 resource in namespace **
Updating PipelineActivity simonjamesrowe-react-ui-master-3 with version 0.0.3
Updated PipelineActivities simonjamesrowe-react-ui-master-3 with release notes URL: https://github.com/simonjamesrowe/react-ui/releases/tag/v0.0.3

Showing logs for build [32msimonjamesrowe-react-ui-master-txjrc-3[0m stage [32mfrom-build-pack[0m and container [32mstep-promote-helm-release[0m
WARNING: No $CHART_REPOSITORY defined so using the default value of: http://jenkins-x-chartmuseum:8080
Adding missing Helm repo: storage.googleapis.com https://storage.googleapis.com/chartmuseum.jenkins-x.io
Successfully added Helm repository storage.googleapis.com.
Adding missing Helm repo: jenkins-x-chartmuseum http://jenkins-x-chartmuseum:8080
Successfully added Helm repository jenkins-x-chartmuseum.
error: failed to build dependencies for chart from directory '.': failed to lint the chart '.': failed to run 'helm lint --set tags.**-lint=true --set global.**Lint=true --set-string global.**TypeEnv=lint --values values.yaml' command in directory '.', output: '==> Linting .
[ERROR] templates/: parse error in "react-ui/templates/configmap.yaml": template: react-ui/templates/configmap.yaml:7: unexpected "}" in operand

Error: 1 chart(s) linted, 1 chart(s) failed'
[31m
Pipeline failed on stage 'from-build-pack' : container 'step-promote-helm-release'. The execution of the pipeline has stopped.[0m
