
Showing logs for build [32msimonjamesrowe-react-ui-master-krkb8-30[0m stage [32mfrom-build-pack[0m and container [32mstep-credential-initializer-9txbg[0m
{"level":"info","ts":1606257635.114073,"logger":"fallback-logger","caller":"logging/config.go:69","msg":"Fetch GitHub commit ID from kodata failed: open /var/run/ko/refs/heads/0.8.0-ns-support: no such file or directory"}
{"level":"info","ts":1606257635.1149738,"logger":"fallback-logger","caller":"creds-init/main.go:40","msg":"Credentials initialized."}

Showing logs for build [32msimonjamesrowe-react-ui-master-krkb8-30[0m stage [32mfrom-build-pack[0m and container [32mstep-working-dir-initializer-42bqw[0m
{"level":"info","ts":1606257635.8921814,"logger":"fallback-logger","caller":"logging/config.go:69","msg":"Fetch GitHub commit ID from kodata failed: open /var/run/ko/HEAD: no such file or directory"}
{"level":"info","ts":1606257635.8942149,"logger":"fallback-logger","caller":"bash/main.go:64","msg":"Successfully executed command \"sh -c mkdir -p /workspace/source\"; output "}

Showing logs for build [32msimonjamesrowe-react-ui-master-krkb8-30[0m stage [32mfrom-build-pack[0m and container [32mstep-place-tools[0m

Showing logs for build [32msimonjamesrowe-react-ui-master-krkb8-30[0m stage [32mfrom-build-pack[0m and container [32mstep-git-source-simonjamesrowe-react-ui-master-krkb8-scvxz[0m
{"level":"info","ts":1606257640.9422784,"logger":"fallback-logger","caller":"logging/config.go:69","msg":"Fetch GitHub commit ID from kodata failed: open /var/run/ko/refs/heads/0.8.0-ns-support: no such file or directory"}
{"level":"info","ts":1606257642.874095,"logger":"fallback-logger","caller":"git/git.go:103","msg":"Successfully cloned https://github.com/simonjamesrowe/react-ui.git @ v0.0.39 in path /workspace/source"}

Showing logs for build [32msimonjamesrowe-react-ui-master-krkb8-30[0m stage [32mfrom-build-pack[0m and container [32mstep-git-merge[0m
Using SHAs from PULL_REFS=master:b6c1bf7c216c992b955515a720d5f1334d10d133
WARNING: no SHAs to merge, falling back to initial cloned commit

Showing logs for build [32msimonjamesrowe-react-ui-master-krkb8-30[0m stage [32mfrom-build-pack[0m and container [32mstep-setup-jx-git-credentials[0m
Generated Git credentials file /workspace/xdg_config/git/credentials

Showing logs for build [32msimonjamesrowe-react-ui-master-krkb8-30[0m stage [32mfrom-build-pack[0m and container [32mstep-build-container-build[0m
[36mINFO[0m[0000] Using dockerignore file: /workspace/source/.dockerignore 
[36mINFO[0m[0000] Retrieving image manifest node:14            
[36mINFO[0m[0002] Retrieving image manifest node:14            
[36mINFO[0m[0003] Built cross stage deps: map[]                
[36mINFO[0m[0003] Retrieving image manifest node:14            
[36mINFO[0m[0004] Retrieving image manifest node:14            
[36mINFO[0m[0005] Executing 0 build triggers                   
[36mINFO[0m[0005] Checking for cached layer harbor.simonjamesrowe.com/todo/cache:69b07ba1f6ca843a684aa20f1f05adf17b1f33bc6bc2b48fc498929f3ffa44c1... 
[36mINFO[0m[0006] No cached layer found for cmd COPY . .       
[36mINFO[0m[0006] Unpacking ****fs as cmd COPY . . requires it. 
[36mINFO[0m[0063] WORKDIR /app                                 
[36mINFO[0m[0063] cmd: workdir                                 
[36mINFO[0m[0063] Changed working directory to /app            
[36mINFO[0m[0063] Creating directory /app                      
[36mINFO[0m[0063] Resolving 1 paths                            
[36mINFO[0m[0063] Taking snapshot of files...                  
[36mINFO[0m[0063] COPY . .                                     
[36mINFO[0m[0064] Resolving 145 paths                          
[36mINFO[0m[0064] Taking snapshot of files...                  
[36mINFO[0m[0064] Pushing layer harbor.simonjamesrowe.com/todo/cache:69b07ba1f6ca843a684aa20f1f05adf17b1f33bc6bc2b48fc498929f3ffa44c1 to cache now 
[36mINFO[0m[0064] ENV NODE_ENV=production                      
[36mINFO[0m[0064] No files changed in this command, skipping snapshotting. 
[36mINFO[0m[0064] RUN yarn install                             
[36mINFO[0m[0064] Taking snapshot of full filesystem...        
[36mINFO[0m[0064] Resolving 40804 paths                        
[36mINFO[0m[0072] cmd: /bin/sh                                 
[36mINFO[0m[0072] args: [-c yarn install]                      
[36mINFO[0m[0072] Running: [/bin/sh -c yarn install]           
yarn install v1.22.5
[1/4] Resolving packages...
[2/4] Fetching packages...
info fsevents@2.1.2: The platform "linux" is incompatible with this module.
info "fsevents@2.1.2" is an optional dependency and failed compatibility check. Excluding it from installation.
info fsevents@1.2.13: The platform "linux" is incompatible with this module.
info "fsevents@1.2.13" is an optional dependency and failed compatibility check. Excluding it from installation.
info fsevents@2.1.3: The platform "linux" is incompatible with this module.
info "fsevents@2.1.3" is an optional dependency and failed compatibility check. Excluding it from installation.
[3/4] Linking dependencies...
warning " > bootstrap@4.5.0" has unmet peer dependency "popper.js@^1.16.0".
warning " > react-ga@3.1.2" has unmet peer dependency "prop-types@^15.6.0".
[4/4] Building fresh packages...
Done in 144.68s.
[36mINFO[0m[0218] Taking snapshot of full filesystem...        
[36mINFO[0m[0219] Resolving 200292 paths                       
[36mINFO[0m[0367] RUN yarn run build                           
[36mINFO[0m[0367] cmd: /bin/sh                                 
[36mINFO[0m[0367] args: [-c yarn run build]                    
[36mINFO[0m[0367] Running: [/bin/sh -c yarn run build]         
[36mINFO[0m[0367] Pushing layer harbor.simonjamesrowe.com/todo/cache:8a4e94c1bb1082427818be5d0fa49068cad611a8abca639e0908efc820ea878e to cache now 
yarn run v1.22.5
$ react-scripts build
Creating an optimized production build...
Compiled with warnings.

./src/components/pages/Home/Contact.tsx
  Line 115:48:  The href attribute requires a valid value to be accessible. Provide a valid, navigable address as the href value. If you cannot provide a valid href, but still need the element to resemble a link, use a button and change it with appropriate styles. Learn more: https://github.com/evcohen/eslint-plugin-jsx-a11y/blob/master/docs/rules/anchor-is-valid.md  jsx-a11y/anchor-is-valid
  Line 115:56:  Script URL is a form of eval                                                                                                                                                                                                                                                                                                                                      no-script-url
  Line 125:48:  The href attribute requires a valid value to be accessible. Provide a valid, navigable address as the href value. If you cannot provide a valid href, but still need the element to resemble a link, use a button and change it with appropriate styles. Learn more: https://github.com/evcohen/eslint-plugin-jsx-a11y/blob/master/docs/rules/anchor-is-valid.md  jsx-a11y/anchor-is-valid
  Line 125:56:  Script URL is a form of eval                                                                                                                                                                                                                                                                                                                                      no-script-url
  Line 126:48:  The href attribute requires a valid value to be accessible. Provide a valid, navigable address as the href value. If you cannot provide a valid href, but still need the element to resemble a link, use a button and change it with appropriate styles. Learn more: https://github.com/evcohen/eslint-plugin-jsx-a11y/blob/master/docs/rules/anchor-is-valid.md  jsx-a11y/anchor-is-valid
  Line 126:56:  Script URL is a form of eval                                                                                                                                                                                                                                                                                                                                      no-script-url

./src/components/pages/Home/index.tsx
  Line 13:9:  'getAllSocialMedia' is defined but never used                                                                                                                                                                                                                                                                           @typescript-eslint/no-unused-vars
  Line 38:8:  React Hook React.useEffect has a missing dependency: 'props'. Either include it or remove the dependency array. However, 'props' will change when *any* prop changes, so the preferred fix is to destructure the 'props' object outside of the useEffect call and refer to those specific props inside React.useEffect  react-hooks/exhaustive-deps

./src/state/socialMedia/Actions.ts
  Line 1:9:  'ISkillGroup' is defined but never used  @typescript-eslint/no-unused-vars

./src/components/pages/Home/JobDetail.tsx
  Line 22:11:  'jobTitlePrefix' is assigned a value but never used       @typescript-eslint/no-unused-vars
  Line 26:11:  'jobTitleHighlighted' is assigned a value but never used  @typescript-eslint/no-unused-vars

./src/components/pages/Home/Resume.tsx
  Line 22:58:  Expected '===' and instead saw '=='  eqeqeq

./src/components/pages/Blog/index.tsx
  Line 26:6:   React Hook React.useEffect has a missing dependency: 'props'. Either include it or remove the dependency array. However, 'props' will change when *any* prop changes, so the preferred fix is to destructure the 'props' object outside of the useEffect call and refer to those specific props inside React.useEffect                                            react-hooks/exhaustive-deps
  Line 32:6:   React Hook React.useEffect has a missing dependency: 'props'. Either include it or remove the dependency array. However, 'props' will change when *any* prop changes, so the preferred fix is to destructure the 'props' object outside of the useEffect call and refer to those specific props inside React.useEffect                                            react-hooks/exhaustive-deps
  Line 51:25:  The href attribute requires a valid value to be accessible. Provide a valid, navigable address as the href value. If you cannot provide a valid href, but still need the element to resemble a link, use a button and change it with appropriate styles. Learn more: https://github.com/evcohen/eslint-plugin-jsx-a11y/blob/master/docs/rules/anchor-is-valid.md  jsx-a11y/anchor-is-valid
  Line 51:33:  Script URL is a form of eval                                                                                                                                                                                                                                                                                                                                      no-script-url
  Line 69:31:  The href attribute requires a valid value to be accessible. Provide a valid, navigable address as the href value. If you cannot provide a valid href, but still need the element to resemble a link, use a button and change it with appropriate styles. Learn more: https://github.com/evcohen/eslint-plugin-jsx-a11y/blob/master/docs/rules/anchor-is-valid.md  jsx-a11y/anchor-is-valid
  Line 69:39:  Script URL is a form of eval                                                                                                                                                                                                                                                                                                                                      no-script-url

./src/state/profile/Reducer.ts
  Line 2:24:  'ITagsState' is defined but never used  @typescript-eslint/no-unused-vars

./src/components/pages/Home/JobHeadline.tsx
  Line 2:8:    'Moment' is defined but never used                                                                                                                                                                                                                                                                                                                                       @typescript-eslint/no-unused-vars
  Line 27:17:  The href attribute is required for an anchor to be keyboard accessible. Provide a valid, navigable address as the href value. If you cannot provide an href, but still need the element to resemble a link, use a button and change it with appropriate styles. Learn more: https://github.com/evcohen/eslint-plugin-jsx-a11y/blob/master/docs/rules/anchor-is-valid.md  jsx-a11y/anchor-is-valid

./src/components/pages/Home/JobBlock.tsx
  Line 2:8:    'Moment' is defined but never used   @typescript-eslint/no-unused-vars
  Line 15:61:  Expected '===' and instead saw '=='  eqeqeq

./src/components/pages/Home/SkillsOutline.tsx
  Line 3:9:  'CmsThumbnail' is defined but never used  @typescript-eslint/no-unused-vars
  Line 7:9:  'properties' is defined but never used    @typescript-eslint/no-unused-vars

./src/App.tsx
  Line 5:34:  'Link' is defined but never used                                                                                                                                                                                                                                                                                        @typescript-eslint/no-unused-vars
  Line 58:8:  React Hook React.useEffect has a missing dependency: 'props'. Either include it or remove the dependency array. However, 'props' will change when *any* prop changes, so the preferred fix is to destructure the 'props' object outside of the useEffect call and refer to those specific props inside React.useEffect  react-hooks/exhaustive-deps

./src/components/pages/Home/SkillGroup.tsx
  Line 5:9:  'CmsThumbnail' is defined but never used  @typescript-eslint/no-unused-vars

./src/components/common/Sidebar.tsx
  Line 8:17:    'RealLink' is defined but never used                                                                       @typescript-eslint/no-unused-vars
  Line 183:11:  img elements must have an alt prop, either with meaningful text, or an empty string for decorative images  jsx-a11y/alt-text
  Line 186:11:  img elements must have an alt prop, either with meaningful text, or an empty string for decorative images  jsx-a11y/alt-text

Search for the keywords to learn more about each warning.
To ignore, add // eslint-disable-next-line to the line before.

File sizes after gzip:

  175.17 KB  build/static/js/2.fc3d5a9c.chunk.js
  28.02 KB   build/static/js/main.5dd05dcf.chunk.js
  22.47 KB   build/static/css/2.af3c1da9.chunk.css
  9.77 KB    build/static/css/main.5ef574e8.chunk.css
  772 B      build/static/js/runtime-main.89ce72de.js

The project was built assuming it is hosted at /.
You can control this with the homepage field in your package.json.

The build folder is ready to be deployed.
You may serve it with a static server:

  yarn global add serve
  serve -s build

Find out more about deployment here:

  bit.ly/CRA-deploy

Done in 60.73s.
[36mINFO[0m[0428] Taking snapshot of full filesystem...        
[36mINFO[0m[0429] Resolving 200997 paths                       
[36mINFO[0m[0529] Pushing layer harbor.simonjamesrowe.com/todo/cache:e710468139c71373183e7e3c99256dc4603a3a9ce19760d8d9d61a5823f6cfa6 to cache now 
[36mINFO[0m[0529] ENV PORT=8080                                
[36mINFO[0m[0529] No files changed in this command, skipping snapshotting. 
[36mINFO[0m[0529] CMD ["node", "server.js"]                    
[36mINFO[0m[0529] No files changed in this command, skipping snapshotting. 
[33mWARN[0m[0530] error uploading layer to cache: failed to push to destination harbor.simonjamesrowe.com/todo/cache:69b07ba1f6ca843a684aa20f1f05adf17b1f33bc6bc2b48fc498929f3ffa44c1: HEAD https://harbor.simonjamesrowe.com/v2/todo/cache/blobs/sha256:23088ec382d977c25b671f15ac10c68f7b7b9d78812a21a4f52ed74e4645c2de: unsupported status code 401 

Showing logs for build [32msimonjamesrowe-react-ui-master-krkb8-30[0m stage [32mfrom-build-pack[0m and container [32mstep-build-post-build[0m
no CVE provider running in the current ** namespace so skip adding image to be analysed

Showing logs for build [32msimonjamesrowe-react-ui-master-krkb8-30[0m stage [32mfrom-build-pack[0m and container [32mstep-promote-changelog[0m
Converted /workspace/source/charts/react-ui to an unshallow repository
Generating change log from git ref d36675f6013b52e6328d7625b198931a80285d3e => 904803da56485f2f4630f5c8c95e9d73ec400b36
WARNING: Failed to enrich commit b6c1bf7c216c992b955515a720d5f1334d10d133 with issues: users.jenkins.io "x-0" already exists
WARNING: Failed to enrich commit b6c1bf7c216c992b955515a720d5f1334d10d133 with issues: users.jenkins.io "x-0" already exists
Finding issues in commit messages using git format
WARNING: No release found for simonjamesrowe/react-ui and tag v0.0.39 so creating a new release
Updated the release information at https://github.com/simonjamesrowe/react-ui/releases/tag/v0.0.39
generated: /workspace/source/charts/react-ui/templates/release.yaml
Created Release react-ui-0-0-39 resource in namespace **
Updating PipelineActivity simonjamesrowe-react-ui-master-30 with version 0.0.39
Updated PipelineActivities simonjamesrowe-react-ui-master-30 with release notes URL: https://github.com/simonjamesrowe/react-ui/releases/tag/v0.0.39

Showing logs for build [32msimonjamesrowe-react-ui-master-krkb8-30[0m stage [32mfrom-build-pack[0m and container [32mstep-promote-helm-release[0m
WARNING: No $CHART_REPOSITORY defined so using the default value of: http://jenkins-x-chartmuseum:8080
Adding missing Helm repo: storage.googleapis.com https://storage.googleapis.com/chartmuseum.jenkins-x.io
Successfully added Helm repository storage.googleapis.com.
Adding missing Helm repo: jenkins-x-chartmuseum http://jenkins-x-chartmuseum:8080
Successfully added Helm repository jenkins-x-chartmuseum.
WARNING: No $CHART_REPOSITORY defined so using the default value of: http://jenkins-x-chartmuseum:8080
Uploading chart file react-ui-0.0.39.tgz to http://jenkins-x-chartmuseum:8080/api/charts
Received 201 response: {"saved":true}

Showing logs for build [32msimonjamesrowe-react-ui-master-krkb8-30[0m stage [32mfrom-build-pack[0m and container [32mstep-promote-jx-promote[0m
WARNING: prow based install so skip waiting for the merge of Pull Requests to go green as currently there is an issue with gettingstatuses from the PR, see https://github.com/jenkins-x/**/issues/2410
WARNING: No $CHART_REPOSITORY defined so using the default value of: http://jenkins-x-chartmuseum:8080
Promoting app react-ui version 0.0.39 to namespace **-staging
Created Pull Request: https://github.com/simonjamesrowe/environment-simonjamesrowe-staging/pull/58
Added label updatebot to Pull Request https://github.com/simonjamesrowe/environment-simonjamesrowe-staging/pull/58
got git provider status pending from PR https://github.com/simonjamesrowe/environment-simonjamesrowe-staging/pull/58
got git provider status pending from PR https://github.com/simonjamesrowe/environment-simonjamesrowe-staging/pull/58
got git provider status pending from PR https://github.com/simonjamesrowe/environment-simonjamesrowe-staging/pull/58
got git provider status pending from PR https://github.com/simonjamesrowe/environment-simonjamesrowe-staging/pull/58
Pull Request https://github.com/simonjamesrowe/environment-simonjamesrowe-staging/pull/58 is merged at sha a6ffbed093d97a0792e9e72a45e422a4e333f36c
Pull Request merged but we are not waiting for the update pipeline to complete!
WARNING: Could not find the service URL in namespace **-staging for names react-ui, **-react-ui, **-staging-react-ui
