
Showing logs for build [32msimonjamesrowe-react-ui-master-jhwgl-4[0m stage [32mfrom-build-pack[0m and container [32mstep-credential-initializer-8zl4f[0m
{"level":"info","ts":1594022705.502452,"logger":"fallback-logger","caller":"logging/config.go:69","msg":"Fetch GitHub commit ID from kodata failed: open /var/run/ko/refs/heads/0.8.0-ns-support: no such file or directory"}
{"level":"info","ts":1594022705.5034084,"logger":"fallback-logger","caller":"creds-init/main.go:40","msg":"Credentials initialized."}

Showing logs for build [32msimonjamesrowe-react-ui-master-jhwgl-4[0m stage [32mfrom-build-pack[0m and container [32mstep-working-dir-initializer-kbnkb[0m
{"level":"info","ts":1594022706.1832488,"logger":"fallback-logger","caller":"logging/config.go:69","msg":"Fetch GitHub commit ID from kodata failed: open /var/run/ko/HEAD: no such file or directory"}
{"level":"info","ts":1594022706.185744,"logger":"fallback-logger","caller":"bash/main.go:64","msg":"Successfully executed command \"sh -c mkdir -p /workspace/source\"; output "}

Showing logs for build [32msimonjamesrowe-react-ui-master-jhwgl-4[0m stage [32mfrom-build-pack[0m and container [32mstep-place-tools[0m

Showing logs for build [32msimonjamesrowe-react-ui-master-jhwgl-4[0m stage [32mfrom-build-pack[0m and container [32mstep-git-source-simonjamesrowe-react-ui-master-jhwgl-9k2d4[0m
{"level":"info","ts":1594022711.1483371,"logger":"fallback-logger","caller":"logging/config.go:69","msg":"Fetch GitHub commit ID from kodata failed: open /var/run/ko/refs/heads/0.8.0-ns-support: no such file or directory"}
{"level":"info","ts":1594022715.2446647,"logger":"fallback-logger","caller":"git/git.go:103","msg":"Successfully cloned https://github.com/simonjamesrowe/react-ui.git @ v0.0.13 in path /workspace/source"}

Showing logs for build [32msimonjamesrowe-react-ui-master-jhwgl-4[0m stage [32mfrom-build-pack[0m and container [32mstep-git-merge[0m
Using SHAs from PULL_REFS=master:4c51dc97e28d148a4f048b24c46ea8e0c98efd9f
WARNING: no SHAs to merge, falling back to initial cloned commit

Showing logs for build [32msimonjamesrowe-react-ui-master-jhwgl-4[0m stage [32mfrom-build-pack[0m and container [32mstep-setup-jx-git-credentials[0m
Generated Git credentials file /workspace/xdg_config/git/credentials

Showing logs for build [32msimonjamesrowe-react-ui-master-jhwgl-4[0m stage [32mfrom-build-pack[0m and container [32mstep-build-container-build[0m
[36mINFO[0m[0000] Using dockerignore file: /workspace/source/.dockerignore 
[36mINFO[0m[0000] Retrieving image manifest node:13            
[36mINFO[0m[0002] Retrieving image manifest node:13            
[36mINFO[0m[0003] Built cross stage deps: map[]                
[36mINFO[0m[0003] Retrieving image manifest node:13            
[36mINFO[0m[0004] Retrieving image manifest node:13            
[36mINFO[0m[0005] Executing 0 build triggers                   
[36mINFO[0m[0005] Checking for cached layer harbor.simonjamesrowe.com/todo/cache:055c045bdfe7e63d868ebebf7e2bcf3d1ea379c77e5025826dbdd667a42555cb... 
[36mINFO[0m[0006] No cached layer found for cmd COPY . .       
[36mINFO[0m[0006] Unpacking ****fs as cmd COPY . . requires it. 
[36mINFO[0m[0040] WORKDIR /app                                 
[36mINFO[0m[0040] cmd: workdir                                 
[36mINFO[0m[0040] Changed working directory to /app            
[36mINFO[0m[0040] Creating directory /app                      
[36mINFO[0m[0040] Resolving 1 paths                            
[36mINFO[0m[0040] Taking snapshot of files...                  
[36mINFO[0m[0040] COPY . .                                     
[36mINFO[0m[0041] Resolving 185 paths                          
[36mINFO[0m[0041] Taking snapshot of files...                  
[36mINFO[0m[0041] ENV NODE_ENV=production                      
[36mINFO[0m[0041] No files changed in this command, skipping snapshotting. 
[36mINFO[0m[0041] RUN yarn install                             
[36mINFO[0m[0041] Taking snapshot of full filesystem...        
[36mINFO[0m[0041] Pushing layer harbor.simonjamesrowe.com/todo/cache:055c045bdfe7e63d868ebebf7e2bcf3d1ea379c77e5025826dbdd667a42555cb to cache now 
[36mINFO[0m[0043] Resolving 40893 paths                        
[36mINFO[0m[0051] cmd: /bin/sh                                 
[36mINFO[0m[0051] args: [-c yarn install]                      
[36mINFO[0m[0051] Running: [/bin/sh -c yarn install]           
yarn install v1.22.4
[1/4] Resolving packages...
[2/4] Fetching packages...
info fsevents@2.1.2: The platform "linux" is incompatible with this module.
info "fsevents@2.1.2" is an optional dependency and failed compatibility check. Excluding it from installation.
info fsevents@1.2.13: The platform "linux" is incompatible with this module.
info "fsevents@1.2.13" is an optional dependency and failed compatibility check. Excluding it from installation.
info fsevents@2.1.3: The platform "linux" is incompatible with this module.
info "fsevents@2.1.3" is an optional dependency and failed compatibility check. Excluding it from installation.
[3/4] Linking dependencies...
warning " > bootstrap@4.5.0" has unmet peer dependency "jquery@1.9.1 - 3".
warning " > bootstrap@4.5.0" has unmet peer dependency "popper.js@^1.16.0".
[4/4] Building fresh packages...
Done in 205.50s.
[36mINFO[0m[0257] Taking snapshot of full filesystem...        
[36mINFO[0m[0259] Resolving 177661 paths                       
[36mINFO[0m[0402] Pushing layer harbor.simonjamesrowe.com/todo/cache:e1c32dcac83af90a0b9ee7c75ee1f376c47c4ed9f8624ff5eecc05ae7b22805c to cache now 
[36mINFO[0m[0402] RUN yarn run build                           
[36mINFO[0m[0402] cmd: /bin/sh                                 
[36mINFO[0m[0402] args: [-c yarn run build]                    
[36mINFO[0m[0402] Running: [/bin/sh -c yarn run build]         
yarn run v1.22.4
$ react-scripts build
Creating an optimized production build...
Compiled with warnings.

./src/components/pages/Blog/BlogDetail.tsx
  Line 15:6:  React Hook React.useEffect has a missing dependency: 'props.match.params.id'. Either include it or remove the dependency array  react-hooks/exhaustive-deps

./src/components/pages/Home/Resume.tsx
  Line 29:39:  Using target="_blank" without rel="noopener noreferrer" is a security risk: see https://mathiasbynens.github.io/rel-noopener  react/jsx-no-target-blank

./src/components/pages/Blog/index.tsx
  Line 70:23:  The href attribute requires a valid value to be accessible. Provide a valid, navigable address as the href value. If you cannot provide a valid href, but still need the element to resemble a link, use a button and change it with appropriate styles. Learn more: https://github.com/evcohen/eslint-plugin-jsx-a11y/blob/master/docs/rules/anchor-is-valid.md  jsx-a11y/anchor-is-valid

./src/App.tsx
  Line 91:21:   The href attribute requires a valid value to be accessible. Provide a valid, navigable address as the href value. If you cannot provide a valid href, but still need the element to resemble a link, use a button and change it with appropriate styles. Learn more: https://github.com/evcohen/eslint-plugin-jsx-a11y/blob/master/docs/rules/anchor-is-valid.md  jsx-a11y/anchor-is-valid
  Line 96:21:   The href attribute requires a valid value to be accessible. Provide a valid, navigable address as the href value. If you cannot provide a valid href, but still need the element to resemble a link, use a button and change it with appropriate styles. Learn more: https://github.com/evcohen/eslint-plugin-jsx-a11y/blob/master/docs/rules/anchor-is-valid.md  jsx-a11y/anchor-is-valid
  Line 101:21:  The href attribute requires a valid value to be accessible. Provide a valid, navigable address as the href value. If you cannot provide a valid href, but still need the element to resemble a link, use a button and change it with appropriate styles. Learn more: https://github.com/evcohen/eslint-plugin-jsx-a11y/blob/master/docs/rules/anchor-is-valid.md  jsx-a11y/anchor-is-valid
  Line 106:21:  The href attribute requires a valid value to be accessible. Provide a valid, navigable address as the href value. If you cannot provide a valid href, but still need the element to resemble a link, use a button and change it with appropriate styles. Learn more: https://github.com/evcohen/eslint-plugin-jsx-a11y/blob/master/docs/rules/anchor-is-valid.md  jsx-a11y/anchor-is-valid
  Line 111:21:  The href attribute requires a valid value to be accessible. Provide a valid, navigable address as the href value. If you cannot provide a valid href, but still need the element to resemble a link, use a button and change it with appropriate styles. Learn more: https://github.com/evcohen/eslint-plugin-jsx-a11y/blob/master/docs/rules/anchor-is-valid.md  jsx-a11y/anchor-is-valid

Search for the keywords to learn more about each warning.
To ignore, add // eslint-disable-next-line to the line before.

File sizes after gzip:

  154.75 KB  build/static/js/2.34501461.chunk.js
  22.47 KB   build/static/css/2.af3c1da9.chunk.css
  10.22 KB   build/static/css/main.d6af343c.chunk.css
  4.47 KB    build/static/js/main.432f35f9.chunk.js
  772 B      build/static/js/runtime-main.89ce72de.js

The project was built assuming it is hosted at /.
You can control this with the homepage field in your package.json.

The build folder is ready to be deployed.
You may serve it with a static server:

  yarn global add serve
  serve -s build

Find out more about deployment here:

  bit.ly/CRA-deploy

Done in 75.03s.
[36mINFO[0m[0478] Taking snapshot of full filesystem...        
[36mINFO[0m[0480] Resolving 178311 paths                       
[36mINFO[0m[0591] ENV PORT=8080                                
[36mINFO[0m[0591] No files changed in this command, skipping snapshotting. 
[36mINFO[0m[0591] CMD ["node", "server.js"]                    
[36mINFO[0m[0591] No files changed in this command, skipping snapshotting. 
[36mINFO[0m[0591] Pushing layer harbor.simonjamesrowe.com/todo/cache:cc07f0c553ed4d2293022eea6b32fc84e1db40db569928de99a24424f016979c to cache now 
[33mWARN[0m[0591] error uploading layer to cache: failed to push to destination harbor.simonjamesrowe.com/todo/cache:055c045bdfe7e63d868ebebf7e2bcf3d1ea379c77e5025826dbdd667a42555cb: HEAD https://harbor.simonjamesrowe.com/v2/todo/cache/blobs/sha256:ec3cf8eac84c861e124d294b9280e7122b9b534ba439e1d07c29447fc9ed8a59: unsupported status code 401 

Showing logs for build [32msimonjamesrowe-react-ui-master-jhwgl-4[0m stage [32mfrom-build-pack[0m and container [32mstep-build-post-build[0m
no CVE provider running in the current ** namespace so skip adding image to be analysed

Showing logs for build [32msimonjamesrowe-react-ui-master-jhwgl-4[0m stage [32mfrom-build-pack[0m and container [32mstep-promote-changelog[0m
Converted /workspace/source/charts/react-ui to an unshallow repository
Generating change log from git ref 21a6d9da744bb4c0f45c5ba3d6909d5afed2c488 => 97767c2e03a40eef3b7a60e6339ae5051b429d81
WARNING: Failed to enrich commit 8183073bc35297d77cef9a5950f2873e69570d35 with issues: users.jenkins.io "x-0" already exists
WARNING: Failed to enrich commit 8183073bc35297d77cef9a5950f2873e69570d35 with issues: users.jenkins.io "x-0" already exists
Finding issues in commit messages using git format
WARNING: No release found for simonjamesrowe/react-ui and tag v0.0.13 so creating a new release
Updated the release information at https://github.com/simonjamesrowe/react-ui/releases/tag/v0.0.13
generated: /workspace/source/charts/react-ui/templates/release.yaml
Created Release react-ui-0-0-13 resource in namespace **
Updating PipelineActivity simonjamesrowe-react-ui-master-4 with version 0.0.13
Updated PipelineActivities simonjamesrowe-react-ui-master-4 with release notes URL: https://github.com/simonjamesrowe/react-ui/releases/tag/v0.0.13

Showing logs for build [32msimonjamesrowe-react-ui-master-jhwgl-4[0m stage [32mfrom-build-pack[0m and container [32mstep-promote-helm-release[0m
WARNING: No $CHART_REPOSITORY defined so using the default value of: http://jenkins-x-chartmuseum:8080
Adding missing Helm repo: storage.googleapis.com https://storage.googleapis.com/chartmuseum.jenkins-x.io
Successfully added Helm repository storage.googleapis.com.
Adding missing Helm repo: jenkins-x-chartmuseum http://jenkins-x-chartmuseum:8080
Successfully added Helm repository jenkins-x-chartmuseum.
WARNING: No $CHART_REPOSITORY defined so using the default value of: http://jenkins-x-chartmuseum:8080
Uploading chart file react-ui-0.0.13.tgz to http://jenkins-x-chartmuseum:8080/api/charts
Received 201 response: {"saved":true}

Showing logs for build [32msimonjamesrowe-react-ui-master-jhwgl-4[0m stage [32mfrom-build-pack[0m and container [32mstep-promote-jx-promote[0m
WARNING: prow based install so skip waiting for the merge of Pull Requests to go green as currently there is an issue with gettingstatuses from the PR, see https://github.com/jenkins-x/**/issues/2410
WARNING: No $CHART_REPOSITORY defined so using the default value of: http://jenkins-x-chartmuseum:8080
Promoting app react-ui version 0.0.13 to namespace **-staging
Created Pull Request: https://github.com/simonjamesrowe/environment-simonjamesrowe-staging/pull/31
Added label updatebot to Pull Request https://github.com/simonjamesrowe/environment-simonjamesrowe-staging/pull/31
got git provider status pending from PR https://github.com/simonjamesrowe/environment-simonjamesrowe-staging/pull/31
got git provider status pending from PR https://github.com/simonjamesrowe/environment-simonjamesrowe-staging/pull/31
got git provider status pending from PR https://github.com/simonjamesrowe/environment-simonjamesrowe-staging/pull/31
Pull Request https://github.com/simonjamesrowe/environment-simonjamesrowe-staging/pull/31 is merged at sha 7e54485b8f7188c21bcea75dd115e2fde852112e
Pull Request merged but we are not waiting for the update pipeline to complete!
WARNING: Could not find the service URL in namespace **-staging for names react-ui, **-react-ui, **-staging-react-ui
