
Showing logs for build [32msimonjamesrowe-react-ui-master-948jn-6[0m stage [32mfrom-build-pack[0m and container [32mstep-credential-initializer-f89rw[0m
{"level":"info","ts":1594064454.0335145,"logger":"fallback-logger","caller":"logging/config.go:69","msg":"Fetch GitHub commit ID from kodata failed: open /var/run/ko/refs/heads/0.8.0-ns-support: no such file or directory"}
{"level":"info","ts":1594064454.034649,"logger":"fallback-logger","caller":"creds-init/main.go:40","msg":"Credentials initialized."}

Showing logs for build [32msimonjamesrowe-react-ui-master-948jn-6[0m stage [32mfrom-build-pack[0m and container [32mstep-working-dir-initializer-qxxgb[0m
{"level":"info","ts":1594064454.5815387,"logger":"fallback-logger","caller":"logging/config.go:69","msg":"Fetch GitHub commit ID from kodata failed: open /var/run/ko/HEAD: no such file or directory"}
{"level":"info","ts":1594064454.5873442,"logger":"fallback-logger","caller":"bash/main.go:64","msg":"Successfully executed command \"sh -c mkdir -p /workspace/source\"; output "}

Showing logs for build [32msimonjamesrowe-react-ui-master-948jn-6[0m stage [32mfrom-build-pack[0m and container [32mstep-place-tools[0m

Showing logs for build [32msimonjamesrowe-react-ui-master-948jn-6[0m stage [32mfrom-build-pack[0m and container [32mstep-git-source-simonjamesrowe-react-ui-master-948jn-tn554[0m
{"level":"info","ts":1594064459.5778983,"logger":"fallback-logger","caller":"logging/config.go:69","msg":"Fetch GitHub commit ID from kodata failed: open /var/run/ko/refs/heads/0.8.0-ns-support: no such file or directory"}
{"level":"info","ts":1594064463.0242133,"logger":"fallback-logger","caller":"git/git.go:103","msg":"Successfully cloned https://github.com/simonjamesrowe/react-ui.git @ v0.0.15 in path /workspace/source"}

Showing logs for build [32msimonjamesrowe-react-ui-master-948jn-6[0m stage [32mfrom-build-pack[0m and container [32mstep-git-merge[0m
Using SHAs from PULL_REFS=master:d52d93e67c5134b04400dddfe7ca8b0d5b1e3fd8
WARNING: no SHAs to merge, falling back to initial cloned commit

Showing logs for build [32msimonjamesrowe-react-ui-master-948jn-6[0m stage [32mfrom-build-pack[0m and container [32mstep-setup-jx-git-credentials[0m
Generated Git credentials file /workspace/xdg_config/git/credentials

Showing logs for build [32msimonjamesrowe-react-ui-master-948jn-6[0m stage [32mfrom-build-pack[0m and container [32mstep-build-container-build[0m
[36mINFO[0m[0000] Using dockerignore file: /workspace/source/.dockerignore 
[36mINFO[0m[0000] Retrieving image manifest node:13            
[36mINFO[0m[0002] Retrieving image manifest node:13            
[36mINFO[0m[0003] Built cross stage deps: map[]                
[36mINFO[0m[0003] Retrieving image manifest node:13            
[36mINFO[0m[0004] Retrieving image manifest node:13            
[36mINFO[0m[0005] Executing 0 build triggers                   
[36mINFO[0m[0005] Checking for cached layer harbor.simonjamesrowe.com/todo/cache:6c7695239c23d2df304df1787ba5ab9ac302e23d8ca23ffd39e429ff08143ebe... 
[36mINFO[0m[0007] No cached layer found for cmd COPY . .       
[36mINFO[0m[0007] Unpacking ****fs as cmd COPY . . requires it. 
[36mINFO[0m[0037] WORKDIR /app                                 
[36mINFO[0m[0037] cmd: workdir                                 
[36mINFO[0m[0037] Changed working directory to /app            
[36mINFO[0m[0037] Creating directory /app                      
[36mINFO[0m[0037] Resolving 1 paths                            
[36mINFO[0m[0037] Taking snapshot of files...                  
[36mINFO[0m[0037] COPY . .                                     
[36mINFO[0m[0037] Resolving 185 paths                          
[36mINFO[0m[0037] Taking snapshot of files...                  
[36mINFO[0m[0037] ENV NODE_ENV=production                      
[36mINFO[0m[0037] No files changed in this command, skipping snapshotting. 
[36mINFO[0m[0037] RUN yarn install                             
[36mINFO[0m[0037] Taking snapshot of full filesystem...        
[36mINFO[0m[0037] Pushing layer harbor.simonjamesrowe.com/todo/cache:6c7695239c23d2df304df1787ba5ab9ac302e23d8ca23ffd39e429ff08143ebe to cache now 
[36mINFO[0m[0039] Resolving 40893 paths                        
[36mINFO[0m[0045] cmd: /bin/sh                                 
[36mINFO[0m[0045] args: [-c yarn install]                      
[36mINFO[0m[0045] Running: [/bin/sh -c yarn install]           
yarn install v1.22.4
[1/4] Resolving packages...
[2/4] Fetching packages...
info fsevents@2.1.2: The platform "linux" is incompatible with this module.
info "fsevents@2.1.2" is an optional dependency and failed compatibility check. Excluding it from installation.
info fsevents@1.2.13: The platform "linux" is incompatible with this module.
info "fsevents@1.2.13" is an optional dependency and failed compatibility check. Excluding it from installation.
info fsevents@2.1.3: The platform "linux" is incompatible with this module.
info "fsevents@2.1.3" is an optional dependency and failed compatibility check. Excluding it from installation.
[3/4] Linking dependencies...
warning " > bootstrap@4.5.0" has unmet peer dependency "jquery@1.9.1 - 3".
warning " > bootstrap@4.5.0" has unmet peer dependency "popper.js@^1.16.0".
[4/4] Building fresh packages...
Done in 111.18s.
[36mINFO[0m[0156] Taking snapshot of full filesystem...        
[36mINFO[0m[0158] Resolving 177661 paths                       
[36mINFO[0m[0232] Pushing layer harbor.simonjamesrowe.com/todo/cache:9d868d71e408ac4a115841faac9fb549e6794ad86828662cdfd7f7f9a4bf3a57 to cache now 
[36mINFO[0m[0232] RUN yarn run build                           
[36mINFO[0m[0232] cmd: /bin/sh                                 
[36mINFO[0m[0232] args: [-c yarn run build]                    
[36mINFO[0m[0232] Running: [/bin/sh -c yarn run build]         
yarn run v1.22.4
$ react-scripts build
Creating an optimized production build...
Compiled with warnings.

./src/components/pages/Blog/BlogDetail.tsx
  Line 15:6:  React Hook React.useEffect has a missing dependency: 'props.match.params.id'. Either include it or remove the dependency array  react-hooks/exhaustive-deps

./src/components/pages/Home/Resume.tsx
  Line 29:39:  Using target="_blank" without rel="noopener noreferrer" is a security risk: see https://mathiasbynens.github.io/rel-noopener  react/jsx-no-target-blank

./src/components/pages/Blog/index.tsx
  Line 70:23:  The href attribute requires a valid value to be accessible. Provide a valid, navigable address as the href value. If you cannot provide a valid href, but still need the element to resemble a link, use a button and change it with appropriate styles. Learn more: https://github.com/evcohen/eslint-plugin-jsx-a11y/blob/master/docs/rules/anchor-is-valid.md  jsx-a11y/anchor-is-valid

./src/App.tsx
  Line 91:21:   The href attribute requires a valid value to be accessible. Provide a valid, navigable address as the href value. If you cannot provide a valid href, but still need the element to resemble a link, use a button and change it with appropriate styles. Learn more: https://github.com/evcohen/eslint-plugin-jsx-a11y/blob/master/docs/rules/anchor-is-valid.md  jsx-a11y/anchor-is-valid
  Line 96:21:   The href attribute requires a valid value to be accessible. Provide a valid, navigable address as the href value. If you cannot provide a valid href, but still need the element to resemble a link, use a button and change it with appropriate styles. Learn more: https://github.com/evcohen/eslint-plugin-jsx-a11y/blob/master/docs/rules/anchor-is-valid.md  jsx-a11y/anchor-is-valid
  Line 101:21:  The href attribute requires a valid value to be accessible. Provide a valid, navigable address as the href value. If you cannot provide a valid href, but still need the element to resemble a link, use a button and change it with appropriate styles. Learn more: https://github.com/evcohen/eslint-plugin-jsx-a11y/blob/master/docs/rules/anchor-is-valid.md  jsx-a11y/anchor-is-valid
  Line 106:21:  The href attribute requires a valid value to be accessible. Provide a valid, navigable address as the href value. If you cannot provide a valid href, but still need the element to resemble a link, use a button and change it with appropriate styles. Learn more: https://github.com/evcohen/eslint-plugin-jsx-a11y/blob/master/docs/rules/anchor-is-valid.md  jsx-a11y/anchor-is-valid
  Line 111:21:  The href attribute requires a valid value to be accessible. Provide a valid, navigable address as the href value. If you cannot provide a valid href, but still need the element to resemble a link, use a button and change it with appropriate styles. Learn more: https://github.com/evcohen/eslint-plugin-jsx-a11y/blob/master/docs/rules/anchor-is-valid.md  jsx-a11y/anchor-is-valid

Search for the keywords to learn more about each warning.
To ignore, add // eslint-disable-next-line to the line before.

File sizes after gzip:

  154.75 KB  build/static/js/2.34501461.chunk.js
  22.47 KB   build/static/css/2.af3c1da9.chunk.css
  10.22 KB   build/static/css/main.d6af343c.chunk.css
  4.47 KB    build/static/js/main.e39a3d23.chunk.js
  772 B      build/static/js/runtime-main.89ce72de.js

The project was built assuming it is hosted at /.
You can control this with the homepage field in your package.json.

The build folder is ready to be deployed.
You may serve it with a static server:

  yarn global add serve
  serve -s build

Find out more about deployment here:

  bit.ly/CRA-deploy

Done in 50.37s.
[36mINFO[0m[0282] Taking snapshot of full filesystem...        
[36mINFO[0m[0283] Resolving 178311 paths                       
[36mINFO[0m[0345] Pushing layer harbor.simonjamesrowe.com/todo/cache:68b67de25d6c77b16ec4e68262aba9600033e961cf33f917f094e0c4178df77e to cache now 
[36mINFO[0m[0345] ENV PORT=8080                                
[36mINFO[0m[0345] No files changed in this command, skipping snapshotting. 
[36mINFO[0m[0345] CMD ["node", "server.js"]                    
[36mINFO[0m[0345] No files changed in this command, skipping snapshotting. 
[33mWARN[0m[0345] error uploading layer to cache: failed to push to destination harbor.simonjamesrowe.com/todo/cache:6c7695239c23d2df304df1787ba5ab9ac302e23d8ca23ffd39e429ff08143ebe: HEAD https://harbor.simonjamesrowe.com/v2/todo/cache/blobs/sha256:7cf1d6662838d9f33c502702d4fffccbcafa4a370700c84afde4b101097fb487: unsupported status code 401 

Showing logs for build [32msimonjamesrowe-react-ui-master-948jn-6[0m stage [32mfrom-build-pack[0m and container [32mstep-build-post-build[0m
no CVE provider running in the current ** namespace so skip adding image to be analysed

Showing logs for build [32msimonjamesrowe-react-ui-master-948jn-6[0m stage [32mfrom-build-pack[0m and container [32mstep-promote-changelog[0m
Converted /workspace/source/charts/react-ui to an unshallow repository
Generating change log from git ref 97767c2e03a40eef3b7a60e6339ae5051b429d81 => 870efc3399d692fabbc7147e70b9a49973be5482
WARNING: Failed to enrich commit d52d93e67c5134b04400dddfe7ca8b0d5b1e3fd8 with issues: users.jenkins.io "x-0" already exists
WARNING: Failed to enrich commit d52d93e67c5134b04400dddfe7ca8b0d5b1e3fd8 with issues: users.jenkins.io "x-0" already exists
Finding issues in commit messages using git format
WARNING: No release found for simonjamesrowe/react-ui and tag v0.0.15 so creating a new release
Updated the release information at https://github.com/simonjamesrowe/react-ui/releases/tag/v0.0.15
generated: /workspace/source/charts/react-ui/templates/release.yaml
Created Release react-ui-0-0-15 resource in namespace **
Updating PipelineActivity simonjamesrowe-react-ui-master-6 with version 0.0.15
Updated PipelineActivities simonjamesrowe-react-ui-master-6 with release notes URL: https://github.com/simonjamesrowe/react-ui/releases/tag/v0.0.15

Showing logs for build [32msimonjamesrowe-react-ui-master-948jn-6[0m stage [32mfrom-build-pack[0m and container [32mstep-promote-helm-release[0m
WARNING: No $CHART_REPOSITORY defined so using the default value of: http://jenkins-x-chartmuseum:8080
Adding missing Helm repo: storage.googleapis.com https://storage.googleapis.com/chartmuseum.jenkins-x.io
Successfully added Helm repository storage.googleapis.com.
Adding missing Helm repo: jenkins-x-chartmuseum http://jenkins-x-chartmuseum:8080
Successfully added Helm repository jenkins-x-chartmuseum.
WARNING: No $CHART_REPOSITORY defined so using the default value of: http://jenkins-x-chartmuseum:8080
Uploading chart file react-ui-0.0.15.tgz to http://jenkins-x-chartmuseum:8080/api/charts
Received 201 response: {"saved":true}

Showing logs for build [32msimonjamesrowe-react-ui-master-948jn-6[0m stage [32mfrom-build-pack[0m and container [32mstep-promote-jx-promote[0m
WARNING: prow based install so skip waiting for the merge of Pull Requests to go green as currently there is an issue with gettingstatuses from the PR, see https://github.com/jenkins-x/**/issues/2410
WARNING: No $CHART_REPOSITORY defined so using the default value of: http://jenkins-x-chartmuseum:8080
Promoting app react-ui version 0.0.15 to namespace **-staging
Created Pull Request: https://github.com/simonjamesrowe/environment-simonjamesrowe-staging/pull/33
Added label updatebot to Pull Request https://github.com/simonjamesrowe/environment-simonjamesrowe-staging/pull/33
got git provider status pending from PR https://github.com/simonjamesrowe/environment-simonjamesrowe-staging/pull/33
got git provider status pending from PR https://github.com/simonjamesrowe/environment-simonjamesrowe-staging/pull/33
Pull Request https://github.com/simonjamesrowe/environment-simonjamesrowe-staging/pull/33 is merged at sha de8d2e07f6a2c50b940ad791e13b546ab7b74084
Pull Request merged but we are not waiting for the update pipeline to complete!
WARNING: Could not find the service URL in namespace **-staging for names react-ui, **-react-ui, **-staging-react-ui
