
Showing logs for build [32msimonjamesrowe-react-ui-pr-6-pr-pcn4r-1[0m stage [32mfrom-build-pack[0m and container [32mstep-credential-initializer-5lvss[0m
{"level":"info","ts":1599903722.7619653,"logger":"fallback-logger","caller":"logging/config.go:69","msg":"Fetch GitHub commit ID from kodata failed: open /var/run/ko/refs/heads/0.8.0-ns-support: no such file or directory"}
{"level":"info","ts":1599903722.7633514,"logger":"fallback-logger","caller":"creds-init/main.go:40","msg":"Credentials initialized."}

Showing logs for build [32msimonjamesrowe-react-ui-pr-6-pr-pcn4r-1[0m stage [32mfrom-build-pack[0m and container [32mstep-working-dir-initializer-5jjpv[0m
{"level":"info","ts":1599903724.3324285,"logger":"fallback-logger","caller":"logging/config.go:69","msg":"Fetch GitHub commit ID from kodata failed: open /var/run/ko/HEAD: no such file or directory"}
{"level":"info","ts":1599903724.3348994,"logger":"fallback-logger","caller":"bash/main.go:64","msg":"Successfully executed command \"sh -c mkdir -p /workspace/source\"; output "}

Showing logs for build [32msimonjamesrowe-react-ui-pr-6-pr-pcn4r-1[0m stage [32mfrom-build-pack[0m and container [32mstep-place-tools[0m

Showing logs for build [32msimonjamesrowe-react-ui-pr-6-pr-pcn4r-1[0m stage [32mfrom-build-pack[0m and container [32mstep-git-source-simonjamesrowe-react-ui-pr-6-pr-pcn4r-b5ml7[0m
{"level":"info","ts":1599903729.1738281,"logger":"fallback-logger","caller":"logging/config.go:69","msg":"Fetch GitHub commit ID from kodata failed: open /var/run/ko/refs/heads/0.8.0-ns-support: no such file or directory"}
{"level":"info","ts":1599903738.3924603,"logger":"fallback-logger","caller":"git/git.go:103","msg":"Successfully cloned https://github.com/simonjamesrowe/react-ui.git @ master in path /workspace/source"}

Showing logs for build [32msimonjamesrowe-react-ui-pr-6-pr-pcn4r-1[0m stage [32mfrom-build-pack[0m and container [32mstep-git-merge[0m
Using SHAs from PULL_REFS=master:efda080f2881c0bd28feaa8990634ec1fc715397,6:34081ce4a4f4ea4e484707e6573e66399d94c74a
DEBUG: LC_ALL=C JX_LOG_LEVEL=error git fetch origin --unshallow 34081ce4a4f4ea4e484707e6573e66399d94c74a: efda080f2881c0bd28feaa8990634ec1fc715397:
DEBUG: ran git fetch --unshallow origin 34081ce4a4f4ea4e484707e6573e66399d94c74a: efda080f2881c0bd28feaa8990634ec1fc715397: in 
DEBUG: LC_ALL=C JX_LOG_LEVEL=error git branch
DEBUG: LC_ALL=C JX_LOG_LEVEL=error git checkout master
DEBUG: ran git checkout master in 
DEBUG: LC_ALL=C JX_LOG_LEVEL=error git reset --hard efda080f2881c0bd28feaa8990634ec1fc715397
DEBUG: ran git reset --hard efda080f2881c0bd28feaa8990634ec1fc715397 in 
DEBUG: LC_ALL=C JX_LOG_LEVEL=error git clean -fd .
DEBUG: ran clean --force -d . in 
DEBUG: LC_ALL=C JX_LOG_LEVEL=error git merge 34081ce4a4f4ea4e484707e6573e66399d94c74a
DEBUG: ran git merge 34081ce4a4f4ea4e484707e6573e66399d94c74a in 
DEBUG: LC_ALL=C JX_LOG_LEVEL=error git log --format=%H%x1f%an%x1f%ae%x1f%cn%x1f%ce%x1f%s%n%b%x1e efda080f2881c0bd28feaa8990634ec1fc715397..HEAD
Merged SHA 34081ce4a4f4ea4e484707e6573e66399d94c74a with commit message 'move profile to redux.' into base branch master
Merged SHA 407319b7860e8901e617c0289754f06a115072a3 with commit message 'move tags to redux.' into base branch master
Merged SHA b1860004bc7803b11c9313f0bf2bc48a06e88859 with commit message 'move blogs to redux.' into base branch master
Merged SHA f3c7e390b3f284646e0f3f5eb07f3e3d322c4612 with commit message 'move jobs to redux.' into base branch master
Merged SHA ce7a28dbde2f25f475cd9fc694d7fbdace438cd0 with commit message 'refactor domain objects away from services.' into base branch master

Showing logs for build [32msimonjamesrowe-react-ui-pr-6-pr-pcn4r-1[0m stage [32mfrom-build-pack[0m and container [32mstep-build-container-build[0m
[36mINFO[0m[0001] Using dockerignore file: /workspace/source/.dockerignore 
[36mINFO[0m[0001] Retrieving image manifest node:13            
[36mINFO[0m[0003] Retrieving image manifest node:13            
[36mINFO[0m[0004] Built cross stage deps: map[]                
[36mINFO[0m[0004] Retrieving image manifest node:13            
[36mINFO[0m[0005] Retrieving image manifest node:13            
[36mINFO[0m[0006] Executing 0 build triggers                   
[36mINFO[0m[0006] Checking for cached layer harbor.simonjamesrowe.com/todo/cache:11b41d652d4f354272c55ac2253a94c83b798aa97939f10240905620df7b9633... 
[36mINFO[0m[0007] No cached layer found for cmd COPY . .       
[36mINFO[0m[0007] Unpacking ****fs as cmd COPY . . requires it. 
[36mINFO[0m[0063] WORKDIR /app                                 
[36mINFO[0m[0063] cmd: workdir                                 
[36mINFO[0m[0063] Changed working directory to /app            
[36mINFO[0m[0063] Creating directory /app                      
[36mINFO[0m[0063] Resolving 1 paths                            
[36mINFO[0m[0063] Taking snapshot of files...                  
[36mINFO[0m[0063] COPY . .                                     
[36mINFO[0m[0064] Resolving 214 paths                          
[36mINFO[0m[0065] Taking snapshot of files...                  
[36mINFO[0m[0067] Pushing layer harbor.simonjamesrowe.com/todo/cache:11b41d652d4f354272c55ac2253a94c83b798aa97939f10240905620df7b9633 to cache now 
[36mINFO[0m[0068] ENV NODE_ENV=production                      
[36mINFO[0m[0068] No files changed in this command, skipping snapshotting. 
[36mINFO[0m[0068] RUN yarn install                             
[36mINFO[0m[0068] Taking snapshot of full filesystem...        
[36mINFO[0m[0070] Resolving 40922 paths                        
[36mINFO[0m[0080] cmd: /bin/sh                                 
[36mINFO[0m[0080] args: [-c yarn install]                      
[36mINFO[0m[0080] Running: [/bin/sh -c yarn install]           
yarn install v1.22.4
[1/4] Resolving packages...
[2/4] Fetching packages...
info fsevents@2.1.2: The platform "linux" is incompatible with this module.
info "fsevents@2.1.2" is an optional dependency and failed compatibility check. Excluding it from installation.
info fsevents@1.2.13: The platform "linux" is incompatible with this module.
info "fsevents@1.2.13" is an optional dependency and failed compatibility check. Excluding it from installation.
info fsevents@2.1.3: The platform "linux" is incompatible with this module.
info "fsevents@2.1.3" is an optional dependency and failed compatibility check. Excluding it from installation.
[3/4] Linking dependencies...
warning " > bootstrap@4.5.0" has unmet peer dependency "jquery@1.9.1 - 3".
warning " > bootstrap@4.5.0" has unmet peer dependency "popper.js@^1.16.0".
[4/4] Building fresh packages...
Done in 277.44s.
[36mINFO[0m[0359] Taking snapshot of full filesystem...        
[36mINFO[0m[0366] Resolving 177690 paths                       
[36mINFO[0m[0501] Pushing layer harbor.simonjamesrowe.com/todo/cache:e605f3997d0c113444f52ae460b3e278887e8093fabbaedcf38cb384c1252877 to cache now 
[36mINFO[0m[0501] RUN yarn run build                           
[36mINFO[0m[0501] cmd: /bin/sh                                 
[36mINFO[0m[0501] args: [-c yarn run build]                    
[36mINFO[0m[0501] Running: [/bin/sh -c yarn run build]         
yarn run v1.22.4
$ react-scripts build
Creating an optimized production build...
Failed to compile.

/app/src/components/pages/Blog/BlogDetail.tsx
TypeScript error in /app/src/components/pages/Blog/BlogDetail.tsx(20,32):
Property 'match' does not exist on type 'PropsWithChildren<IBlogDetailProps>'.  TS2339

    18 | const BlogDetail: React.SFC<IBlogDetailProps> = props => {
    19 |     React.useEffect(() => {
  > 20 |         props.getOneBlog(props.match.params.id);
       |                                ^
    21 |     }, []);
    22 | 
    23 |     const imageUrl = (url: string) => {


error Command failed with exit code 1.
info Visit https://yarnpkg.com/en/docs/cli/run for documentation about this command.
error building image: error building stage: failed to execute command: waiting for process to exit: exit status 1
[31m
Pipeline failed on stage 'from-build-pack' : container 'step-build-container-build'. The execution of the pipeline has stopped.[0m
