
Showing logs for build [32msimonjamesrowe-react-ui-pr-7-pr-rsktk-1[0m stage [32mfrom-build-pack[0m and container [32mstep-credential-initializer-75rq4[0m
{"level":"info","ts":1605432759.4787433,"logger":"fallback-logger","caller":"logging/config.go:69","msg":"Fetch GitHub commit ID from kodata failed: open /var/run/ko/refs/heads/0.8.0-ns-support: no such file or directory"}
{"level":"info","ts":1605432759.4792955,"logger":"fallback-logger","caller":"creds-init/main.go:40","msg":"Credentials initialized."}

Showing logs for build [32msimonjamesrowe-react-ui-pr-7-pr-rsktk-1[0m stage [32mfrom-build-pack[0m and container [32mstep-working-dir-initializer-9lkwc[0m
{"level":"info","ts":1605432760.4369707,"logger":"fallback-logger","caller":"logging/config.go:69","msg":"Fetch GitHub commit ID from kodata failed: open /var/run/ko/HEAD: no such file or directory"}
{"level":"info","ts":1605432760.4385643,"logger":"fallback-logger","caller":"bash/main.go:64","msg":"Successfully executed command \"sh -c mkdir -p /workspace/source\"; output "}

Showing logs for build [32msimonjamesrowe-react-ui-pr-7-pr-rsktk-1[0m stage [32mfrom-build-pack[0m and container [32mstep-place-tools[0m

Showing logs for build [32msimonjamesrowe-react-ui-pr-7-pr-rsktk-1[0m stage [32mfrom-build-pack[0m and container [32mstep-git-source-simonjamesrowe-react-ui-pr-7-pr-rsktk-4p5cm[0m
{"level":"info","ts":1605432766.487271,"logger":"fallback-logger","caller":"logging/config.go:69","msg":"Fetch GitHub commit ID from kodata failed: open /var/run/ko/refs/heads/0.8.0-ns-support: no such file or directory"}
{"level":"info","ts":1605432768.4809313,"logger":"fallback-logger","caller":"git/git.go:103","msg":"Successfully cloned https://github.com/simonjamesrowe/react-ui.git @ master in path /workspace/source"}

Showing logs for build [32msimonjamesrowe-react-ui-pr-7-pr-rsktk-1[0m stage [32mfrom-build-pack[0m and container [32mstep-git-merge[0m
Using SHAs from PULL_REFS=master:cb917d14c7ed0c9da6d7c298002eb1bebcb52091,7:b10bb1d96dd19f3c148ebb3082576168dd112164
DEBUG: LC_ALL=C JX_LOG_LEVEL=error git fetch origin --unshallow b10bb1d96dd19f3c148ebb3082576168dd112164: cb917d14c7ed0c9da6d7c298002eb1bebcb52091:
DEBUG: ran git fetch --unshallow origin b10bb1d96dd19f3c148ebb3082576168dd112164: cb917d14c7ed0c9da6d7c298002eb1bebcb52091: in 
DEBUG: LC_ALL=C JX_LOG_LEVEL=error git branch
DEBUG: LC_ALL=C JX_LOG_LEVEL=error git checkout master
DEBUG: ran git checkout master in 
DEBUG: LC_ALL=C JX_LOG_LEVEL=error git reset --hard cb917d14c7ed0c9da6d7c298002eb1bebcb52091
DEBUG: ran git reset --hard cb917d14c7ed0c9da6d7c298002eb1bebcb52091 in 
DEBUG: JX_LOG_LEVEL=error LC_ALL=C git clean -fd .
DEBUG: ran clean --force -d . in 
DEBUG: LC_ALL=C JX_LOG_LEVEL=error git merge b10bb1d96dd19f3c148ebb3082576168dd112164
DEBUG: ran git merge b10bb1d96dd19f3c148ebb3082576168dd112164 in 
DEBUG: LC_ALL=C JX_LOG_LEVEL=error git log --format=%H%x1f%an%x1f%ae%x1f%cn%x1f%ce%x1f%s%n%b%x1e cb917d14c7ed0c9da6d7c298002eb1bebcb52091..HEAD
Merged SHA b10bb1d96dd19f3c148ebb3082576168dd112164 with commit message 'fix some style issues for mobile' into base branch master
Merged SHA 528c513b67fdaa51ab728a79df782f611e9bf4ed with commit message 'fix some things for mobile layout' into base branch master
Merged SHA cb68a485d516cd2e946231830bf5e753f9bb6212 with commit message 'scroll button as per design' into base branch master
Merged SHA 4a26f6e733c69fa4ab69be2eb6a2bc07503a7cfa with commit message 'navigation changes for new layout - TODO make it work on mobile' into base branch master
Merged SHA d634700ccba418738f8142601d16a4815e98d369 with commit message 'fix search layout' into base branch master
Merged SHA aa5e80309898aa7633a93295aa891ca6a8d28098 with commit message 'add tags to blog detail' into base branch master
Merged SHA 28b5e7395a10613e75327d2d7938826225724cde with commit message 'New layout for blogs' into base branch master
Merged SHA c3586f8b5c629674561406a0382da5965cc16646 with commit message 'Add contact me section' into base branch master
Merged SHA 5280a0a30c1fc8665276a2778e0269e40ab66713 with commit message 'add in blog and job drill in from home page.' into base branch master
Merged SHA c501aeb3e9e0025a650f1d3893a7a7fda9dd87bd with commit message 'Add skills section.' into base branch master
Merged SHA 9003ad10e45150a0a9b2b8f6e44edafa59cfef58 with commit message 'remove old files.' into base branch master
Merged SHA 9faf4ee2ee39883302f929c5cb9729bfb0f6d706 with commit message 'add in jobs' into base branch master
Merged SHA f646d2366547ea15100f4ccb8fc43648e00f6cbe with commit message 'tidy up.' into base branch master
Merged SHA b2f90f72984f4384efd211620cd25a3f78226ba7 with commit message 'add profile section.' into base branch master
Merged SHA 4e0417c7737a69a345a5b933db010e8c7c289919 with commit message 'new layout for website.' into base branch master

Showing logs for build [32msimonjamesrowe-react-ui-pr-7-pr-rsktk-1[0m stage [32mfrom-build-pack[0m and container [32mstep-build-container-build[0m
[36mINFO[0m[0000] Using dockerignore file: /workspace/source/.dockerignore 
[36mINFO[0m[0000] Retrieving image manifest node:13            
[36mINFO[0m[0002] Retrieving image manifest node:13            
[36mINFO[0m[0003] Built cross stage deps: map[]                
[36mINFO[0m[0003] Retrieving image manifest node:13            
[36mINFO[0m[0004] Retrieving image manifest node:13            
[36mINFO[0m[0005] Executing 0 build triggers                   
[36mINFO[0m[0005] Checking for cached layer harbor.simonjamesrowe.com/todo/cache:5e3ef861eb2e7fd83a19e24c41d4cd48ddd6aea5a8fbfcaf0f8bff7aff8fd987... 
[36mINFO[0m[0006] No cached layer found for cmd COPY . .       
[36mINFO[0m[0006] Unpacking ****fs as cmd COPY . . requires it. 
[36mINFO[0m[0051] WORKDIR /app                                 
[36mINFO[0m[0051] cmd: workdir                                 
[36mINFO[0m[0051] Changed working directory to /app            
[36mINFO[0m[0051] Creating directory /app                      
[36mINFO[0m[0051] Resolving 1 paths                            
[36mINFO[0m[0051] Taking snapshot of files...                  
[36mINFO[0m[0051] COPY . .                                     
[36mINFO[0m[0051] Resolving 155 paths                          
[36mINFO[0m[0051] Taking snapshot of files...                  
[36mINFO[0m[0051] Pushing layer harbor.simonjamesrowe.com/todo/cache:5e3ef861eb2e7fd83a19e24c41d4cd48ddd6aea5a8fbfcaf0f8bff7aff8fd987 to cache now 
[36mINFO[0m[0052] ENV NODE_ENV=production                      
[36mINFO[0m[0052] No files changed in this command, skipping snapshotting. 
[36mINFO[0m[0052] RUN yarn install                             
[36mINFO[0m[0052] Taking snapshot of full filesystem...        
[36mINFO[0m[0056] Resolving 40863 paths                        
[36mINFO[0m[0063] cmd: /bin/sh                                 
[36mINFO[0m[0063] args: [-c yarn install]                      
[36mINFO[0m[0063] Running: [/bin/sh -c yarn install]           
yarn install v1.22.4
[1/4] Resolving packages...
[2/4] Fetching packages...
info fsevents@2.1.2: The platform "linux" is incompatible with this module.
info "fsevents@2.1.2" is an optional dependency and failed compatibility check. Excluding it from installation.
info fsevents@1.2.13: The platform "linux" is incompatible with this module.
info "fsevents@1.2.13" is an optional dependency and failed compatibility check. Excluding it from installation.
info fsevents@2.1.3: The platform "linux" is incompatible with this module.
info "fsevents@2.1.3" is an optional dependency and failed compatibility check. Excluding it from installation.
[3/4] Linking dependencies...
warning " > bootstrap@4.5.0" has unmet peer dependency "popper.js@^1.16.0".
warning " > react-ga@3.1.2" has unmet peer dependency "prop-types@^15.6.0".
[4/4] Building fresh packages...
Done in 174.84s.
[36mINFO[0m[0239] Taking snapshot of full filesystem...        
[36mINFO[0m[0239] Resolving 200351 paths                       
[36mINFO[0m[0409] RUN yarn run build                           
[36mINFO[0m[0409] cmd: /bin/sh                                 
[36mINFO[0m[0409] args: [-c yarn run build]                    
[36mINFO[0m[0409] Running: [/bin/sh -c yarn run build]         
[36mINFO[0m[0409] Pushing layer harbor.simonjamesrowe.com/todo/cache:f5bee8e7c9100521f62f0b3dcd35dc303cd135fd893a46e6942282af1c52e3b3 to cache now 
yarn run v1.22.4
$ react-scripts build
Creating an optimized production build...
Failed to compile.

/app/src/components/pages/Blog/index.tsx
TypeScript error in /app/src/components/pages/Blog/index.tsx(30,15):
Property 'match' does not exist on type 'IBlogProps'.  TS2339

    28 | 
    29 |   React.useEffect(() => {
  > 30 |     if (props.match.params.id) {
       |               ^
    31 |       props.getOneBlog(props.match.params.id)
    32 |     }
    33 |   }, [props.blogs, props.match.params])


error Command failed with exit code 1.
info Visit https://yarnpkg.com/en/docs/cli/run for documentation about this command.
error building image: error building stage: failed to execute command: waiting for process to exit: exit status 1
[31m
Pipeline failed on stage 'from-build-pack' : container 'step-build-container-build'. The execution of the pipeline has stopped.[0m
